{"C:\\WebPortal\\GovTech_Challenge\\frontend\\src\\App.tsx": {"path":"C:\\WebPortal\\GovTech_Challenge\\frontend\\src\\App.tsx","statementMap":{"0":{"start":{"line":45,"column":16},"end":{"line":45,"column":null}},"1":{"start":{"line":46,"column":22},"end":{"line":46,"column":null}},"2":{"start":{"line":49,"column":21},"end":{"line":49,"column":null}},"3":{"start":{"line":50,"column":24},"end":{"line":50,"column":null}},"4":{"start":{"line":53,"column":17},"end":{"line":53,"column":null}},"5":{"start":{"line":54,"column":20},"end":{"line":54,"column":null}},"6":{"start":{"line":55,"column":20},"end":{"line":55,"column":null}},"7":{"start":{"line":58,"column":18},"end":{"line":58,"column":null}},"8":{"start":{"line":59,"column":28},"end":{"line":59,"column":null}},"9":{"start":{"line":60,"column":22},"end":{"line":60,"column":null}},"10":{"start":{"line":63,"column":21},"end":{"line":63,"column":null}},"11":{"start":{"line":64,"column":16},"end":{"line":64,"column":null}},"12":{"start":{"line":65,"column":22},"end":{"line":65,"column":null}},"13":{"start":{"line":66,"column":20},"end":{"line":66,"column":null}},"14":{"start":{"line":69,"column":8},"end":{"line":69,"column":null}},"15":{"start":{"line":72,"column":20},"end":{"line":76,"column":null}},"16":{"start":{"line":78,"column":32},"end":{"line":101,"column":null}},"17":{"start":{"line":79,"column":4},"end":{"line":79,"column":null}},"18":{"start":{"line":80,"column":4},"end":{"line":100,"column":null}},"19":{"start":{"line":82,"column":24},"end":{"line":82,"column":null}},"20":{"start":{"line":83,"column":6},"end":{"line":89,"column":null}},"21":{"start":{"line":84,"column":21},"end":{"line":84,"column":null}},"22":{"start":{"line":85,"column":8},"end":{"line":85,"column":null}},"23":{"start":{"line":86,"column":8},"end":{"line":86,"column":null}},"24":{"start":{"line":88,"column":8},"end":{"line":88,"column":null}},"25":{"start":{"line":92,"column":25},"end":{"line":92,"column":null}},"26":{"start":{"line":93,"column":6},"end":{"line":96,"column":null}},"27":{"start":{"line":94,"column":21},"end":{"line":94,"column":null}},"28":{"start":{"line":95,"column":8},"end":{"line":95,"column":null}},"29":{"start":{"line":98,"column":6},"end":{"line":98,"column":null}},"30":{"start":{"line":99,"column":6},"end":{"line":99,"column":null}},"31":{"start":{"line":104,"column":2},"end":{"line":106,"column":null}},"32":{"start":{"line":105,"column":4},"end":{"line":105,"column":null}},"33":{"start":{"line":109,"column":2},"end":{"line":111,"column":null}},"34":{"start":{"line":110,"column":4},"end":{"line":110,"column":null}},"35":{"start":{"line":113,"column":8},"end":{"line":173,"column":null}},"36":{"start":{"line":114,"column":4},"end":{"line":114,"column":null}},"37":{"start":{"line":114,"column":15},"end":{"line":114,"column":null}},"38":{"start":{"line":115,"column":23},"end":{"line":115,"column":null}},"39":{"start":{"line":116,"column":4},"end":{"line":116,"column":null}},"40":{"start":{"line":116,"column":43},"end":{"line":116,"column":null}},"41":{"start":{"line":119,"column":4},"end":{"line":119,"column":null}},"42":{"start":{"line":120,"column":4},"end":{"line":120,"column":null}},"43":{"start":{"line":121,"column":4},"end":{"line":121,"column":null}},"44":{"start":{"line":122,"column":4},"end":{"line":122,"column":null}},"45":{"start":{"line":123,"column":4},"end":{"line":123,"column":null}},"46":{"start":{"line":124,"column":4},"end":{"line":124,"column":null}},"47":{"start":{"line":125,"column":4},"end":{"line":125,"column":null}},"48":{"start":{"line":128,"column":19},"end":{"line":128,"column":null}},"49":{"start":{"line":130,"column":4},"end":{"line":133,"column":null}},"50":{"start":{"line":131,"column":6},"end":{"line":131,"column":null}},"51":{"start":{"line":132,"column":6},"end":{"line":132,"column":null}},"52":{"start":{"line":135,"column":4},"end":{"line":161,"column":null}},"53":{"start":{"line":136,"column":30},"end":{"line":136,"column":null}},"54":{"start":{"line":137,"column":6},"end":{"line":137,"column":null}},"55":{"start":{"line":140,"column":6},"end":{"line":142,"column":null}},"56":{"start":{"line":141,"column":8},"end":{"line":141,"column":null}},"57":{"start":{"line":145,"column":6},"end":{"line":160,"column":null}},"58":{"start":{"line":146,"column":8},"end":{"line":146,"column":null}},"59":{"start":{"line":147,"column":8},"end":{"line":147,"column":null}},"60":{"start":{"line":148,"column":8},"end":{"line":148,"column":null}},"61":{"start":{"line":149,"column":8},"end":{"line":149,"column":null}},"62":{"start":{"line":150,"column":8},"end":{"line":150,"column":null}},"63":{"start":{"line":151,"column":8},"end":{"line":151,"column":null}},"64":{"start":{"line":152,"column":13},"end":{"line":160,"column":null}},"65":{"start":{"line":153,"column":8},"end":{"line":153,"column":null}},"66":{"start":{"line":154,"column":8},"end":{"line":154,"column":null}},"67":{"start":{"line":155,"column":8},"end":{"line":155,"column":null}},"68":{"start":{"line":155,"column":30},"end":{"line":155,"column":98}},"69":{"start":{"line":156,"column":8},"end":{"line":156,"column":null}},"70":{"start":{"line":159,"column":8},"end":{"line":159,"column":null}},"71":{"start":{"line":159,"column":30},"end":{"line":159,"column":45}},"72":{"start":{"line":163,"column":4},"end":{"line":168,"column":null}},"73":{"start":{"line":164,"column":6},"end":{"line":164,"column":null}},"74":{"start":{"line":165,"column":6},"end":{"line":165,"column":null}},"75":{"start":{"line":166,"column":6},"end":{"line":166,"column":null}},"76":{"start":{"line":167,"column":6},"end":{"line":167,"column":null}},"77":{"start":{"line":170,"column":4},"end":{"line":172,"column":null}},"78":{"start":{"line":171,"column":6},"end":{"line":171,"column":null}},"79":{"start":{"line":176,"column":32},"end":{"line":200,"column":null}},"80":{"start":{"line":177,"column":4},"end":{"line":177,"column":null}},"81":{"start":{"line":178,"column":4},"end":{"line":178,"column":null}},"82":{"start":{"line":179,"column":4},"end":{"line":179,"column":null}},"83":{"start":{"line":181,"column":4},"end":{"line":199,"column":null}},"84":{"start":{"line":182,"column":18},"end":{"line":182,"column":null}},"85":{"start":{"line":183,"column":6},"end":{"line":195,"column":null}},"86":{"start":{"line":184,"column":21},"end":{"line":184,"column":null}},"87":{"start":{"line":185,"column":8},"end":{"line":185,"column":null}},"88":{"start":{"line":186,"column":8},"end":{"line":186,"column":null}},"89":{"start":{"line":187,"column":8},"end":{"line":187,"column":null}},"90":{"start":{"line":188,"column":8},"end":{"line":188,"column":null}},"91":{"start":{"line":191,"column":8},"end":{"line":194,"column":null}},"92":{"start":{"line":192,"column":10},"end":{"line":192,"column":null}},"93":{"start":{"line":193,"column":10},"end":{"line":193,"column":null}},"94":{"start":{"line":197,"column":6},"end":{"line":197,"column":null}},"95":{"start":{"line":198,"column":6},"end":{"line":198,"column":null}},"96":{"start":{"line":203,"column":8},"end":{"line":239,"column":null}},"97":{"start":{"line":204,"column":4},"end":{"line":204,"column":null}},"98":{"start":{"line":204,"column":13},"end":{"line":204,"column":null}},"99":{"start":{"line":205,"column":15},"end":{"line":205,"column":null}},"100":{"start":{"line":208,"column":4},"end":{"line":208,"column":null}},"101":{"start":{"line":209,"column":4},"end":{"line":209,"column":null}},"102":{"start":{"line":210,"column":4},"end":{"line":210,"column":null}},"103":{"start":{"line":213,"column":4},"end":{"line":213,"column":null}},"104":{"start":{"line":216,"column":23},"end":{"line":216,"column":null}},"105":{"start":{"line":217,"column":4},"end":{"line":229,"column":null}},"106":{"start":{"line":218,"column":22},"end":{"line":218,"column":null}},"107":{"start":{"line":218,"column":59},"end":{"line":218,"column":67}},"108":{"start":{"line":218,"column":91},"end":{"line":218,"column":92}},"109":{"start":{"line":219,"column":25},"end":{"line":219,"column":null}},"110":{"start":{"line":219,"column":128},"end":{"line":219,"column":210}},"111":{"start":{"line":221,"column":25},"end":{"line":226,"column":null}},"112":{"start":{"line":221,"column":64},"end":{"line":221,"column":72}},"113":{"start":{"line":222,"column":21},"end":{"line":222,"column":null}},"114":{"start":{"line":222,"column":55},"end":{"line":222,"column":63}},"115":{"start":{"line":222,"column":87},"end":{"line":222,"column":88}},"116":{"start":{"line":224,"column":8},"end":{"line":224,"column":null}},"117":{"start":{"line":224,"column":67},"end":{"line":224,"column":null}},"118":{"start":{"line":225,"column":8},"end":{"line":225,"column":null}},"119":{"start":{"line":225,"column":102},"end":{"line":225,"column":154}},"120":{"start":{"line":226,"column":31},"end":{"line":226,"column":32}},"121":{"start":{"line":228,"column":6},"end":{"line":228,"column":null}},"122":{"start":{"line":232,"column":4},"end":{"line":232,"column":null}},"123":{"start":{"line":233,"column":4},"end":{"line":233,"column":null}},"124":{"start":{"line":236,"column":4},"end":{"line":236,"column":null}},"125":{"start":{"line":238,"column":4},"end":{"line":238,"column":null}},"126":{"start":{"line":242,"column":8},"end":{"line":251,"column":null}},"127":{"start":{"line":243,"column":4},"end":{"line":243,"column":null}},"128":{"start":{"line":243,"column":17},"end":{"line":243,"column":null}},"129":{"start":{"line":244,"column":20},"end":{"line":244,"column":null}},"130":{"start":{"line":245,"column":17},"end":{"line":245,"column":null}},"131":{"start":{"line":246,"column":4},"end":{"line":246,"column":null}},"132":{"start":{"line":247,"column":4},"end":{"line":247,"column":null}},"133":{"start":{"line":248,"column":4},"end":{"line":248,"column":null}},"134":{"start":{"line":249,"column":4},"end":{"line":249,"column":null}},"135":{"start":{"line":250,"column":4},"end":{"line":250,"column":null}},"136":{"start":{"line":253,"column":2},"end":{"line":729,"column":null}},"137":{"start":{"line":292,"column":37},"end":{"line":292,"column":null}},"138":{"start":{"line":302,"column":37},"end":{"line":302,"column":null}},"139":{"start":{"line":330,"column":31},"end":{"line":330,"column":53}},"140":{"start":{"line":330,"column":53},"end":{"line":330,"column":78}},"141":{"start":{"line":385,"column":35},"end":{"line":385,"column":null}},"142":{"start":{"line":407,"column":20},"end":{"line":415,"column":null}},"143":{"start":{"line":409,"column":37},"end":{"line":409,"column":null}},"144":{"start":{"line":447,"column":37},"end":{"line":447,"column":null}},"145":{"start":{"line":448,"column":20},"end":{"line":451,"column":null}},"146":{"start":{"line":448,"column":54},"end":{"line":448,"column":null}},"147":{"start":{"line":449,"column":25},"end":{"line":451,"column":null}},"148":{"start":{"line":449,"column":57},"end":{"line":449,"column":null}},"149":{"start":{"line":450,"column":25},"end":{"line":451,"column":null}},"150":{"start":{"line":450,"column":55},"end":{"line":450,"column":null}},"151":{"start":{"line":451,"column":25},"end":{"line":451,"column":null}},"152":{"start":{"line":451,"column":54},"end":{"line":451,"column":null}},"153":{"start":{"line":454,"column":20},"end":{"line":481,"column":null}},"154":{"start":{"line":497,"column":33},"end":{"line":497,"column":null}},"155":{"start":{"line":507,"column":33},"end":{"line":507,"column":null}},"156":{"start":{"line":603,"column":28},"end":{"line":617,"column":null}},"157":{"start":{"line":604,"column":30},"end":{"line":615,"column":null}},"158":{"start":{"line":618,"column":28},"end":{"line":628,"column":null}},"159":{"start":{"line":645,"column":24},"end":{"line":649,"column":null}},"160":{"start":{"line":685,"column":29},"end":{"line":685,"column":null}},"161":{"start":{"line":702,"column":20},"end":{"line":720,"column":null}},"162":{"start":{"line":704,"column":37},"end":{"line":704,"column":null}}},"fnMap":{"0":{"name":"App","decl":{"start":{"line":43,"column":24},"end":{"line":43,"column":30}},"loc":{"start":{"line":43,"column":30},"end":{"line":731,"column":null}},"line":43},"1":{"name":"(anonymous_1)","decl":{"start":{"line":78,"column":32},"end":{"line":78,"column":44}},"loc":{"start":{"line":78,"column":44},"end":{"line":101,"column":null}},"line":78},"2":{"name":"(anonymous_2)","decl":{"start":{"line":104,"column":2},"end":{"line":104,"column":18}},"loc":{"start":{"line":104,"column":18},"end":{"line":106,"column":5}},"line":104},"3":{"name":"(anonymous_3)","decl":{"start":{"line":109,"column":2},"end":{"line":109,"column":18}},"loc":{"start":{"line":109,"column":18},"end":{"line":111,"column":5}},"line":109},"4":{"name":"(anonymous_4)","decl":{"start":{"line":113,"column":8},"end":{"line":113,"column":29}},"loc":{"start":{"line":113,"column":81},"end":{"line":173,"column":null}},"line":113},"5":{"name":"(anonymous_5)","decl":{"start":{"line":130,"column":11},"end":{"line":130,"column":26}},"loc":{"start":{"line":130,"column":26},"end":{"line":133,"column":null}},"line":130},"6":{"name":"(anonymous_6)","decl":{"start":{"line":135,"column":11},"end":{"line":135,"column":24}},"loc":{"start":{"line":135,"column":34},"end":{"line":161,"column":null}},"line":135},"7":{"name":"(anonymous_7)","decl":{"start":{"line":155,"column":8},"end":{"line":155,"column":22}},"loc":{"start":{"line":155,"column":30},"end":{"line":155,"column":98}},"line":155},"8":{"name":"(anonymous_8)","decl":{"start":{"line":159,"column":8},"end":{"line":159,"column":22}},"loc":{"start":{"line":159,"column":30},"end":{"line":159,"column":45}},"line":159},"9":{"name":"(anonymous_9)","decl":{"start":{"line":163,"column":11},"end":{"line":163,"column":22}},"loc":{"start":{"line":163,"column":30},"end":{"line":168,"column":null}},"line":163},"10":{"name":"(anonymous_10)","decl":{"start":{"line":170,"column":11},"end":{"line":170,"column":27}},"loc":{"start":{"line":170,"column":27},"end":{"line":172,"column":null}},"line":170},"11":{"name":"(anonymous_11)","decl":{"start":{"line":176,"column":32},"end":{"line":176,"column":39}},"loc":{"start":{"line":176,"column":54},"end":{"line":200,"column":null}},"line":176},"12":{"name":"(anonymous_12)","decl":{"start":{"line":203,"column":8},"end":{"line":203,"column":31}},"loc":{"start":{"line":203,"column":46},"end":{"line":239,"column":null}},"line":203},"13":{"name":"(anonymous_13)","decl":{"start":{"line":217,"column":24},"end":{"line":217,"column":37}},"loc":{"start":{"line":217,"column":62},"end":{"line":229,"column":5}},"line":217},"14":{"name":"(anonymous_14)","decl":{"start":{"line":218,"column":40},"end":{"line":218,"column":45}},"loc":{"start":{"line":218,"column":59},"end":{"line":218,"column":67}},"line":218},"15":{"name":"(anonymous_15)","decl":{"start":{"line":218,"column":69},"end":{"line":218,"column":77}},"loc":{"start":{"line":218,"column":91},"end":{"line":218,"column":92}},"line":218},"16":{"name":"(anonymous_16)","decl":{"start":{"line":219,"column":109},"end":{"line":219,"column":114}},"loc":{"start":{"line":219,"column":128},"end":{"line":219,"column":210}},"line":219},"17":{"name":"(anonymous_17)","decl":{"start":{"line":221,"column":42},"end":{"line":221,"column":50}},"loc":{"start":{"line":221,"column":64},"end":{"line":221,"column":72}},"line":221},"18":{"name":"(anonymous_18)","decl":{"start":{"line":221,"column":74},"end":{"line":221,"column":79}},"loc":{"start":{"line":221,"column":95},"end":{"line":226,"column":7}},"line":221},"19":{"name":"(anonymous_19)","decl":{"start":{"line":222,"column":36},"end":{"line":222,"column":41}},"loc":{"start":{"line":222,"column":55},"end":{"line":222,"column":63}},"line":222},"20":{"name":"(anonymous_20)","decl":{"start":{"line":222,"column":65},"end":{"line":222,"column":73}},"loc":{"start":{"line":222,"column":87},"end":{"line":222,"column":88}},"line":222},"21":{"name":"(anonymous_21)","decl":{"start":{"line":225,"column":83},"end":{"line":225,"column":88}},"loc":{"start":{"line":225,"column":102},"end":{"line":225,"column":154}},"line":225},"22":{"name":"(anonymous_22)","decl":{"start":{"line":226,"column":9},"end":{"line":226,"column":17}},"loc":{"start":{"line":226,"column":31},"end":{"line":226,"column":32}},"line":226},"23":{"name":"(anonymous_23)","decl":{"start":{"line":242,"column":8},"end":{"line":242,"column":37}},"loc":{"start":{"line":242,"column":37},"end":{"line":251,"column":null}},"line":242},"24":{"name":"(anonymous_24)","decl":{"start":{"line":292,"column":20},"end":{"line":292,"column":31}},"loc":{"start":{"line":292,"column":37},"end":{"line":292,"column":null}},"line":292},"25":{"name":"(anonymous_25)","decl":{"start":{"line":302,"column":20},"end":{"line":302,"column":31}},"loc":{"start":{"line":302,"column":37},"end":{"line":302,"column":null}},"line":302},"26":{"name":"(anonymous_26)","decl":{"start":{"line":330,"column":14},"end":{"line":330,"column":29}},"loc":{"start":{"line":330,"column":29},"end":{"line":330,"column":null}},"line":330},"27":{"name":"(anonymous_27)","decl":{"start":{"line":385,"column":18},"end":{"line":385,"column":29}},"loc":{"start":{"line":385,"column":35},"end":{"line":385,"column":null}},"line":385},"28":{"name":"(anonymous_28)","decl":{"start":{"line":406,"column":29},"end":{"line":406,"column":34}},"loc":{"start":{"line":407,"column":20},"end":{"line":415,"column":null}},"line":407},"29":{"name":"(anonymous_29)","decl":{"start":{"line":409,"column":22},"end":{"line":409,"column":37}},"loc":{"start":{"line":409,"column":37},"end":{"line":409,"column":null}},"line":409},"30":{"name":"(anonymous_30)","decl":{"start":{"line":445,"column":29},"end":{"line":445,"column":34}},"loc":{"start":{"line":445,"column":48},"end":{"line":483,"column":19}},"line":445},"31":{"name":"(anonymous_31)","decl":{"start":{"line":497,"column":18},"end":{"line":497,"column":33}},"loc":{"start":{"line":497,"column":33},"end":{"line":497,"column":null}},"line":497},"32":{"name":"(anonymous_32)","decl":{"start":{"line":507,"column":18},"end":{"line":507,"column":33}},"loc":{"start":{"line":507,"column":33},"end":{"line":507,"column":null}},"line":507},"33":{"name":"(anonymous_33)","decl":{"start":{"line":602,"column":45},"end":{"line":602,"column":50}},"loc":{"start":{"line":602,"column":74},"end":{"line":630,"column":27}},"line":602},"34":{"name":"(anonymous_34)","decl":{"start":{"line":644,"column":52},"end":{"line":644,"column":57}},"loc":{"start":{"line":645,"column":24},"end":{"line":649,"column":null}},"line":645},"35":{"name":"(anonymous_35)","decl":{"start":{"line":685,"column":14},"end":{"line":685,"column":29}},"loc":{"start":{"line":685,"column":29},"end":{"line":685,"column":null}},"line":685},"36":{"name":"(anonymous_36)","decl":{"start":{"line":701,"column":26},"end":{"line":701,"column":31}},"loc":{"start":{"line":702,"column":20},"end":{"line":720,"column":null}},"line":702},"37":{"name":"(anonymous_37)","decl":{"start":{"line":704,"column":22},"end":{"line":704,"column":37}},"loc":{"start":{"line":704,"column":37},"end":{"line":704,"column":null}},"line":704}},"branchMap":{"0":{"loc":{"start":{"line":83,"column":6},"end":{"line":89,"column":null}},"type":"if","locations":[{"start":{"line":83,"column":6},"end":{"line":89,"column":null}},{"start":{"line":87,"column":13},"end":{"line":89,"column":null}}],"line":83},"1":{"loc":{"start":{"line":86,"column":23},"end":{"line":86,"column":101}},"type":"binary-expr","locations":[{"start":{"line":86,"column":23},"end":{"line":86,"column":45}},{"start":{"line":86,"column":45},"end":{"line":86,"column":101}}],"line":86},"2":{"loc":{"start":{"line":86,"column":45},"end":{"line":86,"column":101}},"type":"cond-expr","locations":[{"start":{"line":86,"column":81},"end":{"line":86,"column":94}},{"start":{"line":86,"column":94},"end":{"line":86,"column":101}}],"line":86},"3":{"loc":{"start":{"line":93,"column":6},"end":{"line":96,"column":null}},"type":"if","locations":[{"start":{"line":93,"column":6},"end":{"line":96,"column":null}},{"start":{},"end":{}}],"line":93},"4":{"loc":{"start":{"line":114,"column":4},"end":{"line":114,"column":null}},"type":"if","locations":[{"start":{"line":114,"column":4},"end":{"line":114,"column":null}},{"start":{},"end":{}}],"line":114},"5":{"loc":{"start":{"line":115,"column":23},"end":{"line":115,"column":null}},"type":"binary-expr","locations":[{"start":{"line":115,"column":23},"end":{"line":115,"column":40}},{"start":{"line":115,"column":40},"end":{"line":115,"column":null}}],"line":115},"6":{"loc":{"start":{"line":116,"column":4},"end":{"line":116,"column":null}},"type":"if","locations":[{"start":{"line":116,"column":4},"end":{"line":116,"column":null}},{"start":{},"end":{}}],"line":116},"7":{"loc":{"start":{"line":116,"column":8},"end":{"line":116,"column":43}},"type":"binary-expr","locations":[{"start":{"line":116,"column":8},"end":{"line":116,"column":30}},{"start":{"line":116,"column":30},"end":{"line":116,"column":43}}],"line":116},"8":{"loc":{"start":{"line":140,"column":6},"end":{"line":142,"column":null}},"type":"if","locations":[{"start":{"line":140,"column":6},"end":{"line":142,"column":null}},{"start":{},"end":{}}],"line":140},"9":{"loc":{"start":{"line":140,"column":10},"end":{"line":140,"column":50}},"type":"binary-expr","locations":[{"start":{"line":140,"column":10},"end":{"line":140,"column":36}},{"start":{"line":140,"column":36},"end":{"line":140,"column":50}}],"line":140},"10":{"loc":{"start":{"line":145,"column":6},"end":{"line":160,"column":null}},"type":"if","locations":[{"start":{"line":145,"column":6},"end":{"line":160,"column":null}},{"start":{"line":152,"column":13},"end":{"line":160,"column":null}}],"line":145},"11":{"loc":{"start":{"line":147,"column":18},"end":{"line":147,"column":37}},"type":"binary-expr","locations":[{"start":{"line":147,"column":18},"end":{"line":147,"column":33}},{"start":{"line":147,"column":33},"end":{"line":147,"column":37}}],"line":147},"12":{"loc":{"start":{"line":148,"column":21},"end":{"line":148,"column":44}},"type":"binary-expr","locations":[{"start":{"line":148,"column":21},"end":{"line":148,"column":40}},{"start":{"line":148,"column":40},"end":{"line":148,"column":44}}],"line":148},"13":{"loc":{"start":{"line":152,"column":13},"end":{"line":160,"column":null}},"type":"if","locations":[{"start":{"line":152,"column":13},"end":{"line":160,"column":null}},{"start":{"line":157,"column":13},"end":{"line":160,"column":null}}],"line":152},"14":{"loc":{"start":{"line":183,"column":6},"end":{"line":195,"column":null}},"type":"if","locations":[{"start":{"line":183,"column":6},"end":{"line":195,"column":null}},{"start":{},"end":{}}],"line":183},"15":{"loc":{"start":{"line":186,"column":18},"end":{"line":186,"column":45}},"type":"binary-expr","locations":[{"start":{"line":186,"column":18},"end":{"line":186,"column":41}},{"start":{"line":186,"column":41},"end":{"line":186,"column":45}}],"line":186},"16":{"loc":{"start":{"line":187,"column":21},"end":{"line":187,"column":52}},"type":"binary-expr","locations":[{"start":{"line":187,"column":21},"end":{"line":187,"column":48}},{"start":{"line":187,"column":48},"end":{"line":187,"column":52}}],"line":187},"17":{"loc":{"start":{"line":191,"column":8},"end":{"line":194,"column":null}},"type":"if","locations":[{"start":{"line":191,"column":8},"end":{"line":194,"column":null}},{"start":{},"end":{}}],"line":191},"18":{"loc":{"start":{"line":204,"column":4},"end":{"line":204,"column":null}},"type":"if","locations":[{"start":{"line":204,"column":4},"end":{"line":204,"column":null}},{"start":{},"end":{}}],"line":204},"19":{"loc":{"start":{"line":224,"column":8},"end":{"line":224,"column":null}},"type":"if","locations":[{"start":{"line":224,"column":8},"end":{"line":224,"column":null}},{"start":{},"end":{}}],"line":224},"20":{"loc":{"start":{"line":224,"column":12},"end":{"line":224,"column":67}},"type":"binary-expr","locations":[{"start":{"line":224,"column":12},"end":{"line":224,"column":40}},{"start":{"line":224,"column":40},"end":{"line":224,"column":67}}],"line":224},"21":{"loc":{"start":{"line":243,"column":4},"end":{"line":243,"column":null}},"type":"if","locations":[{"start":{"line":243,"column":4},"end":{"line":243,"column":null}},{"start":{},"end":{}}],"line":243},"22":{"loc":{"start":{"line":247,"column":49},"end":{"line":247,"column":76}},"type":"binary-expr","locations":[{"start":{"line":247,"column":49},"end":{"line":247,"column":70}},{"start":{"line":247,"column":70},"end":{"line":247,"column":76}}],"line":247},"23":{"loc":{"start":{"line":275,"column":115},"end":{"line":279,"column":null}},"type":"cond-expr","locations":[{"start":{"line":276,"column":20},"end":{"line":276,"column":null}},{"start":{"line":277,"column":20},"end":{"line":279,"column":null}}],"line":275},"24":{"loc":{"start":{"line":277,"column":20},"end":{"line":279,"column":null}},"type":"cond-expr","locations":[{"start":{"line":278,"column":22},"end":{"line":278,"column":null}},{"start":{"line":279,"column":22},"end":{"line":279,"column":null}}],"line":277},"25":{"loc":{"start":{"line":281,"column":19},"end":{"line":281,"column":null}},"type":"cond-expr","locations":[{"start":{"line":281,"column":45},"end":{"line":281,"column":56}},{"start":{"line":281,"column":56},"end":{"line":281,"column":null}}],"line":281},"26":{"loc":{"start":{"line":281,"column":56},"end":{"line":281,"column":null}},"type":"cond-expr","locations":[{"start":{"line":281,"column":85},"end":{"line":281,"column":100}},{"start":{"line":281,"column":100},"end":{"line":281,"column":null}}],"line":281},"27":{"loc":{"start":{"line":392,"column":101},"end":{"line":394,"column":null}},"type":"cond-expr","locations":[{"start":{"line":393,"column":22},"end":{"line":393,"column":null}},{"start":{"line":394,"column":22},"end":{"line":394,"column":null}}],"line":392},"28":{"loc":{"start":{"line":430,"column":62},"end":{"line":430,"column":127}},"type":"cond-expr","locations":[{"start":{"line":430,"column":76},"end":{"line":430,"column":108}},{"start":{"line":430,"column":108},"end":{"line":430,"column":127}}],"line":430},"29":{"loc":{"start":{"line":432,"column":21},"end":{"line":432,"column":null}},"type":"cond-expr","locations":[{"start":{"line":432,"column":35},"end":{"line":432,"column":58}},{"start":{"line":432,"column":58},"end":{"line":432,"column":null}}],"line":432},"30":{"loc":{"start":{"line":439,"column":17},"end":{"line":483,"column":null}},"type":"cond-expr","locations":[{"start":{"line":440,"column":18},"end":{"line":445,"column":29}},{"start":{"line":445,"column":18},"end":{"line":483,"column":null}}],"line":439},"31":{"loc":{"start":{"line":448,"column":20},"end":{"line":451,"column":null}},"type":"if","locations":[{"start":{"line":448,"column":20},"end":{"line":451,"column":null}},{"start":{"line":449,"column":25},"end":{"line":451,"column":null}}],"line":448},"32":{"loc":{"start":{"line":449,"column":25},"end":{"line":451,"column":null}},"type":"if","locations":[{"start":{"line":449,"column":25},"end":{"line":451,"column":null}},{"start":{"line":450,"column":25},"end":{"line":451,"column":null}}],"line":449},"33":{"loc":{"start":{"line":450,"column":25},"end":{"line":451,"column":null}},"type":"if","locations":[{"start":{"line":450,"column":25},"end":{"line":451,"column":null}},{"start":{"line":451,"column":25},"end":{"line":451,"column":null}}],"line":450},"34":{"loc":{"start":{"line":451,"column":25},"end":{"line":451,"column":null}},"type":"if","locations":[{"start":{"line":451,"column":25},"end":{"line":451,"column":null}},{"start":{},"end":{}}],"line":451},"35":{"loc":{"start":{"line":467,"column":27},"end":{"line":478,"column":null}},"type":"cond-expr","locations":[{"start":{"line":468,"column":28},"end":{"line":469,"column":35}},{"start":{"line":469,"column":30},"end":{"line":478,"column":null}}],"line":467},"36":{"loc":{"start":{"line":469,"column":30},"end":{"line":478,"column":null}},"type":"cond-expr","locations":[{"start":{"line":470,"column":28},"end":{"line":473,"column":35}},{"start":{"line":473,"column":30},"end":{"line":478,"column":null}}],"line":469},"37":{"loc":{"start":{"line":473,"column":30},"end":{"line":478,"column":null}},"type":"cond-expr","locations":[{"start":{"line":474,"column":28},"end":{"line":478,"column":29}},{"start":{"line":478,"column":28},"end":{"line":478,"column":null}}],"line":473},"38":{"loc":{"start":{"line":498,"column":110},"end":{"line":500,"column":null}},"type":"cond-expr","locations":[{"start":{"line":499,"column":22},"end":{"line":499,"column":null}},{"start":{"line":500,"column":22},"end":{"line":500,"column":null}}],"line":498},"39":{"loc":{"start":{"line":508,"column":110},"end":{"line":510,"column":null}},"type":"cond-expr","locations":[{"start":{"line":509,"column":22},"end":{"line":509,"column":null}},{"start":{"line":510,"column":22},"end":{"line":510,"column":null}}],"line":508},"40":{"loc":{"start":{"line":519,"column":15},"end":{"line":528,"column":null}},"type":"binary-expr","locations":[{"start":{"line":519,"column":15},"end":{"line":519,"column":null}},{"start":{"line":520,"column":16},"end":{"line":528,"column":null}}],"line":519},"41":{"loc":{"start":{"line":532,"column":15},"end":{"line":671,"column":null}},"type":"cond-expr","locations":[{"start":{"line":533,"column":16},"end":{"line":541,"column":19}},{"start":{"line":541,"column":18},"end":{"line":671,"column":null}}],"line":532},"42":{"loc":{"start":{"line":532,"column":15},"end":{"line":532,"column":null}},"type":"binary-expr","locations":[{"start":{"line":532,"column":15},"end":{"line":532,"column":30}},{"start":{"line":532,"column":30},"end":{"line":532,"column":null}}],"line":532},"43":{"loc":{"start":{"line":541,"column":18},"end":{"line":671,"column":null}},"type":"cond-expr","locations":[{"start":{"line":542,"column":16},"end":{"line":546,"column":32}},{"start":{"line":546,"column":18},"end":{"line":671,"column":null}}],"line":541},"44":{"loc":{"start":{"line":546,"column":18},"end":{"line":671,"column":null}},"type":"cond-expr","locations":[{"start":{"line":548,"column":16},"end":{"line":556,"column":17}},{"start":{"line":556,"column":16},"end":{"line":671,"column":null}}],"line":546},"45":{"loc":{"start":{"line":558,"column":72},"end":{"line":558,"column":128}},"type":"binary-expr","locations":[{"start":{"line":558,"column":72},"end":{"line":558,"column":92}},{"start":{"line":558,"column":92},"end":{"line":558,"column":128}}],"line":558},"46":{"loc":{"start":{"line":562,"column":19},"end":{"line":638,"column":null}},"type":"cond-expr","locations":[{"start":{"line":563,"column":20},"end":{"line":635,"column":21}},{"start":{"line":635,"column":20},"end":{"line":638,"column":null}}],"line":562},"47":{"loc":{"start":{"line":562,"column":19},"end":{"line":562,"column":null}},"type":"binary-expr","locations":[{"start":{"line":562,"column":19},"end":{"line":562,"column":38}},{"start":{"line":562,"column":38},"end":{"line":562,"column":null}}],"line":562},"48":{"loc":{"start":{"line":574,"column":37},"end":{"line":574,"column":null}},"type":"binary-expr","locations":[{"start":{"line":574,"column":37},"end":{"line":574,"column":56}},{"start":{"line":574,"column":56},"end":{"line":574,"column":null}}],"line":574},"49":{"loc":{"start":{"line":603,"column":28},"end":{"line":617,"column":null}},"type":"if","locations":[{"start":{"line":603,"column":28},"end":{"line":617,"column":null}},{"start":{},"end":{}}],"line":603},"50":{"loc":{"start":{"line":607,"column":43},"end":{"line":607,"column":null}},"type":"binary-expr","locations":[{"start":{"line":607,"column":43},"end":{"line":607,"column":56}},{"start":{"line":607,"column":56},"end":{"line":607,"column":null}}],"line":607},"51":{"loc":{"start":{"line":621,"column":41},"end":{"line":621,"column":null}},"type":"binary-expr","locations":[{"start":{"line":621,"column":41},"end":{"line":621,"column":54}},{"start":{"line":621,"column":54},"end":{"line":621,"column":null}}],"line":621},"52":{"loc":{"start":{"line":625,"column":40},"end":{"line":625,"column":null}},"type":"binary-expr","locations":[{"start":{"line":625,"column":40},"end":{"line":625,"column":51}},{"start":{"line":625,"column":51},"end":{"line":625,"column":null}}],"line":625},"53":{"loc":{"start":{"line":627,"column":70},"end":{"line":627,"column":92}},"type":"binary-expr","locations":[{"start":{"line":627,"column":70},"end":{"line":627,"column":81}},{"start":{"line":627,"column":81},"end":{"line":627,"column":92}}],"line":627},"54":{"loc":{"start":{"line":643,"column":21},"end":{"line":668,"column":null}},"type":"cond-expr","locations":[{"start":{"line":644,"column":22},"end":{"line":650,"column":null}},{"start":{"line":652,"column":22},"end":{"line":668,"column":null}}],"line":643},"55":{"loc":{"start":{"line":643,"column":21},"end":{"line":643,"column":null}},"type":"binary-expr","locations":[{"start":{"line":643,"column":21},"end":{"line":643,"column":43}},{"start":{"line":643,"column":43},"end":{"line":643,"column":null}}],"line":643},"56":{"loc":{"start":{"line":681,"column":7},"end":{"line":726,"column":null}},"type":"binary-expr","locations":[{"start":{"line":681,"column":7},"end":{"line":681,"column":null}},{"start":{"line":682,"column":8},"end":{"line":726,"column":null}}],"line":681},"57":{"loc":{"start":{"line":698,"column":17},"end":{"line":721,"column":null}},"type":"cond-expr","locations":[{"start":{"line":699,"column":18},"end":{"line":701,"column":26}},{"start":{"line":701,"column":18},"end":{"line":721,"column":null}}],"line":698},"58":{"loc":{"start":{"line":705,"column":164},"end":{"line":707,"column":null}},"type":"cond-expr","locations":[{"start":{"line":706,"column":26},"end":{"line":706,"column":null}},{"start":{"line":707,"column":26},"end":{"line":707,"column":null}}],"line":705},"59":{"loc":{"start":{"line":713,"column":86},"end":{"line":715,"column":null}},"type":"cond-expr","locations":[{"start":{"line":714,"column":28},"end":{"line":714,"column":null}},{"start":{"line":715,"column":28},"end":{"line":715,"column":null}}],"line":713}},"s":{"0":54,"1":54,"2":54,"3":54,"4":54,"5":54,"6":54,"7":54,"8":54,"9":54,"10":54,"11":54,"12":54,"13":54,"14":54,"15":54,"16":54,"17":14,"18":14,"19":14,"20":14,"21":14,"22":14,"23":14,"24":0,"25":14,"26":14,"27":14,"28":14,"29":0,"30":0,"31":54,"32":9,"33":54,"34":14,"35":54,"36":3,"37":2,"38":3,"39":3,"40":0,"41":3,"42":3,"43":3,"44":3,"45":3,"46":3,"47":3,"48":3,"49":3,"50":2,"51":2,"52":3,"53":2,"54":2,"55":2,"56":0,"57":2,"58":1,"59":1,"60":1,"61":1,"62":1,"63":1,"64":1,"65":0,"66":0,"67":0,"68":0,"69":0,"70":1,"71":1,"72":3,"73":1,"74":1,"75":1,"76":1,"77":3,"78":0,"79":54,"80":2,"81":2,"82":2,"83":2,"84":2,"85":2,"86":2,"87":2,"88":2,"89":2,"90":2,"91":2,"92":2,"93":2,"94":0,"95":0,"96":54,"97":5,"98":0,"99":5,"100":5,"101":5,"102":5,"103":5,"104":5,"105":5,"106":0,"107":0,"108":0,"109":0,"110":0,"111":0,"112":0,"113":0,"114":0,"115":0,"116":0,"117":0,"118":0,"119":0,"120":0,"121":0,"122":5,"123":5,"124":5,"125":5,"126":54,"127":1,"128":0,"129":1,"130":1,"131":1,"132":1,"133":1,"134":1,"135":1,"136":54,"137":1,"138":1,"139":4,"140":4,"141":2,"142":159,"143":1,"144":8,"145":8,"146":8,"147":0,"148":0,"149":0,"150":0,"151":0,"152":0,"153":8,"154":0,"155":1,"156":1,"157":1,"158":0,"159":1,"160":1,"161":4,"162":2},"f":{"0":54,"1":14,"2":9,"3":14,"4":3,"5":2,"6":2,"7":0,"8":1,"9":1,"10":0,"11":2,"12":5,"13":0,"14":0,"15":0,"16":0,"17":0,"18":0,"19":0,"20":0,"21":0,"22":0,"23":1,"24":1,"25":1,"26":4,"27":2,"28":159,"29":1,"30":8,"31":0,"32":1,"33":1,"34":1,"35":1,"36":4,"37":2},"b":{"0":[14,0],"1":[14,0],"2":[0,0],"3":[14,0],"4":[2,1],"5":[3,2],"6":[0,3],"7":[3,3],"8":[0,2],"9":[2,0],"10":[1,1],"11":[1,0],"12":[1,0],"13":[0,1],"14":[2,0],"15":[2,0],"16":[2,0],"17":[2,0],"18":[0,5],"19":[0,0],"20":[0,0],"21":[0,1],"22":[1,0],"23":[25,28],"24":[27,1],"25":[25,28],"26":[27,1],"27":[12,41],"28":[12,41],"29":[12,41],"30":[45,8],"31":[8,0],"32":[0,0],"33":[0,0],"34":[0,0],"35":[8,0],"36":[0,0],"37":[0,0],"38":[52,1],"39":[1,52],"40":[54,6],"41":[12,41],"42":[54,12],"43":[35,6],"44":[5,1],"45":[1,0],"46":[1,0],"47":[1,1],"48":[1,0],"49":[1,0],"50":[1,1],"51":[0,0],"52":[1,0],"53":[1,0],"54":[1,0],"55":[1,1],"56":[54,15],"57":[11,4],"58":[0,4],"59":[4,0]},"meta":{"lastBranch":60,"lastFunction":38,"lastStatement":163,"seen":{"f:43:24:43:30":0,"s:45:16:45:Infinity":0,"s:46:22:46:Infinity":1,"s:49:21:49:Infinity":2,"s:50:24:50:Infinity":3,"s:53:17:53:Infinity":4,"s:54:20:54:Infinity":5,"s:55:20:55:Infinity":6,"s:58:18:58:Infinity":7,"s:59:28:59:Infinity":8,"s:60:22:60:Infinity":9,"s:63:21:63:Infinity":10,"s:64:16:64:Infinity":11,"s:65:22:65:Infinity":12,"s:66:20:66:Infinity":13,"s:69:8:69:Infinity":14,"s:72:20:76:Infinity":15,"s:78:32:101:Infinity":16,"f:78:32:78:44":1,"s:79:4:79:Infinity":17,"s:80:4:100:Infinity":18,"s:82:24:82:Infinity":19,"b:83:6:89:Infinity:87:13:89:Infinity":0,"s:83:6:89:Infinity":20,"s:84:21:84:Infinity":21,"s:85:8:85:Infinity":22,"s:86:8:86:Infinity":23,"b:86:23:86:45:86:45:86:101":1,"b:86:81:86:94:86:94:86:101":2,"s:88:8:88:Infinity":24,"s:92:25:92:Infinity":25,"b:93:6:96:Infinity:undefined:undefined:undefined:undefined":3,"s:93:6:96:Infinity":26,"s:94:21:94:Infinity":27,"s:95:8:95:Infinity":28,"s:98:6:98:Infinity":29,"s:99:6:99:Infinity":30,"s:104:2:106:Infinity":31,"f:104:2:104:18":2,"s:105:4:105:Infinity":32,"s:109:2:111:Infinity":33,"f:109:2:109:18":3,"s:110:4:110:Infinity":34,"s:113:8:173:Infinity":35,"f:113:8:113:29":4,"b:114:4:114:Infinity:undefined:undefined:undefined:undefined":4,"s:114:4:114:Infinity":36,"s:114:15:114:Infinity":37,"s:115:23:115:Infinity":38,"b:115:23:115:40:115:40:115:Infinity":5,"b:116:4:116:Infinity:undefined:undefined:undefined:undefined":6,"s:116:4:116:Infinity":39,"b:116:8:116:30:116:30:116:43":7,"s:116:43:116:Infinity":40,"s:119:4:119:Infinity":41,"s:120:4:120:Infinity":42,"s:121:4:121:Infinity":43,"s:122:4:122:Infinity":44,"s:123:4:123:Infinity":45,"s:124:4:124:Infinity":46,"s:125:4:125:Infinity":47,"s:128:19:128:Infinity":48,"s:130:4:133:Infinity":49,"f:130:11:130:26":5,"s:131:6:131:Infinity":50,"s:132:6:132:Infinity":51,"s:135:4:161:Infinity":52,"f:135:11:135:24":6,"s:136:30:136:Infinity":53,"s:137:6:137:Infinity":54,"b:140:6:142:Infinity:undefined:undefined:undefined:undefined":8,"s:140:6:142:Infinity":55,"b:140:10:140:36:140:36:140:50":9,"s:141:8:141:Infinity":56,"b:145:6:160:Infinity:152:13:160:Infinity":10,"s:145:6:160:Infinity":57,"s:146:8:146:Infinity":58,"s:147:8:147:Infinity":59,"b:147:18:147:33:147:33:147:37":11,"s:148:8:148:Infinity":60,"b:148:21:148:40:148:40:148:44":12,"s:149:8:149:Infinity":61,"s:150:8:150:Infinity":62,"s:151:8:151:Infinity":63,"b:152:13:160:Infinity:157:13:160:Infinity":13,"s:152:13:160:Infinity":64,"s:153:8:153:Infinity":65,"s:154:8:154:Infinity":66,"s:155:8:155:Infinity":67,"f:155:8:155:22":7,"s:155:30:155:98":68,"s:156:8:156:Infinity":69,"s:159:8:159:Infinity":70,"f:159:8:159:22":8,"s:159:30:159:45":71,"s:163:4:168:Infinity":72,"f:163:11:163:22":9,"s:164:6:164:Infinity":73,"s:165:6:165:Infinity":74,"s:166:6:166:Infinity":75,"s:167:6:167:Infinity":76,"s:170:4:172:Infinity":77,"f:170:11:170:27":10,"s:171:6:171:Infinity":78,"s:176:32:200:Infinity":79,"f:176:32:176:39":11,"s:177:4:177:Infinity":80,"s:178:4:178:Infinity":81,"s:179:4:179:Infinity":82,"s:181:4:199:Infinity":83,"s:182:18:182:Infinity":84,"b:183:6:195:Infinity:undefined:undefined:undefined:undefined":14,"s:183:6:195:Infinity":85,"s:184:21:184:Infinity":86,"s:185:8:185:Infinity":87,"s:186:8:186:Infinity":88,"b:186:18:186:41:186:41:186:45":15,"s:187:8:187:Infinity":89,"b:187:21:187:48:187:48:187:52":16,"s:188:8:188:Infinity":90,"b:191:8:194:Infinity:undefined:undefined:undefined:undefined":17,"s:191:8:194:Infinity":91,"s:192:10:192:Infinity":92,"s:193:10:193:Infinity":93,"s:197:6:197:Infinity":94,"s:198:6:198:Infinity":95,"s:203:8:239:Infinity":96,"f:203:8:203:31":12,"b:204:4:204:Infinity:undefined:undefined:undefined:undefined":18,"s:204:4:204:Infinity":97,"s:204:13:204:Infinity":98,"s:205:15:205:Infinity":99,"s:208:4:208:Infinity":100,"s:209:4:209:Infinity":101,"s:210:4:210:Infinity":102,"s:213:4:213:Infinity":103,"s:216:23:216:Infinity":104,"s:217:4:229:Infinity":105,"f:217:24:217:37":13,"s:218:22:218:Infinity":106,"f:218:40:218:45":14,"s:218:59:218:67":107,"f:218:69:218:77":15,"s:218:91:218:92":108,"s:219:25:219:Infinity":109,"f:219:109:219:114":16,"s:219:128:219:210":110,"s:221:25:226:Infinity":111,"f:221:42:221:50":17,"s:221:64:221:72":112,"f:221:74:221:79":18,"s:222:21:222:Infinity":113,"f:222:36:222:41":19,"s:222:55:222:63":114,"f:222:65:222:73":20,"s:222:87:222:88":115,"b:224:8:224:Infinity:undefined:undefined:undefined:undefined":19,"s:224:8:224:Infinity":116,"b:224:12:224:40:224:40:224:67":20,"s:224:67:224:Infinity":117,"s:225:8:225:Infinity":118,"f:225:83:225:88":21,"s:225:102:225:154":119,"f:226:9:226:17":22,"s:226:31:226:32":120,"s:228:6:228:Infinity":121,"s:232:4:232:Infinity":122,"s:233:4:233:Infinity":123,"s:236:4:236:Infinity":124,"s:238:4:238:Infinity":125,"s:242:8:251:Infinity":126,"f:242:8:242:37":23,"b:243:4:243:Infinity:undefined:undefined:undefined:undefined":21,"s:243:4:243:Infinity":127,"s:243:17:243:Infinity":128,"s:244:20:244:Infinity":129,"s:245:17:245:Infinity":130,"s:246:4:246:Infinity":131,"s:247:4:247:Infinity":132,"b:247:49:247:70:247:70:247:76":22,"s:248:4:248:Infinity":133,"s:249:4:249:Infinity":134,"s:250:4:250:Infinity":135,"s:253:2:729:Infinity":136,"b:276:20:276:Infinity:277:20:279:Infinity":23,"b:278:22:278:Infinity:279:22:279:Infinity":24,"b:281:45:281:56:281:56:281:Infinity":25,"b:281:85:281:100:281:100:281:Infinity":26,"f:292:20:292:31":24,"s:292:37:292:Infinity":137,"f:302:20:302:31":25,"s:302:37:302:Infinity":138,"f:330:14:330:29":26,"s:330:31:330:53":139,"s:330:53:330:78":140,"f:385:18:385:29":27,"s:385:35:385:Infinity":141,"b:393:22:393:Infinity:394:22:394:Infinity":27,"f:406:29:406:34":28,"s:407:20:415:Infinity":142,"f:409:22:409:37":29,"s:409:37:409:Infinity":143,"b:430:76:430:108:430:108:430:127":28,"b:432:35:432:58:432:58:432:Infinity":29,"b:440:18:445:29:445:18:483:Infinity":30,"f:445:29:445:34":30,"s:447:37:447:Infinity":144,"b:448:20:451:Infinity:449:25:451:Infinity":31,"s:448:20:451:Infinity":145,"s:448:54:448:Infinity":146,"b:449:25:451:Infinity:450:25:451:Infinity":32,"s:449:25:451:Infinity":147,"s:449:57:449:Infinity":148,"b:450:25:451:Infinity:451:25:451:Infinity":33,"s:450:25:451:Infinity":149,"s:450:55:450:Infinity":150,"b:451:25:451:Infinity:undefined:undefined:undefined:undefined":34,"s:451:25:451:Infinity":151,"s:451:54:451:Infinity":152,"s:454:20:481:Infinity":153,"b:468:28:469:35:469:30:478:Infinity":35,"b:470:28:473:35:473:30:478:Infinity":36,"b:474:28:478:29:478:28:478:Infinity":37,"f:497:18:497:33":31,"s:497:33:497:Infinity":154,"b:499:22:499:Infinity:500:22:500:Infinity":38,"f:507:18:507:33":32,"s:507:33:507:Infinity":155,"b:509:22:509:Infinity:510:22:510:Infinity":39,"b:519:15:519:Infinity:520:16:528:Infinity":40,"b:533:16:541:19:541:18:671:Infinity":41,"b:532:15:532:30:532:30:532:Infinity":42,"b:542:16:546:32:546:18:671:Infinity":43,"b:548:16:556:17:556:16:671:Infinity":44,"b:558:72:558:92:558:92:558:128":45,"b:563:20:635:21:635:20:638:Infinity":46,"b:562:19:562:38:562:38:562:Infinity":47,"b:574:37:574:56:574:56:574:Infinity":48,"f:602:45:602:50":33,"b:603:28:617:Infinity:undefined:undefined:undefined:undefined":49,"s:603:28:617:Infinity":156,"s:604:30:615:Infinity":157,"b:607:43:607:56:607:56:607:Infinity":50,"s:618:28:628:Infinity":158,"b:621:41:621:54:621:54:621:Infinity":51,"b:625:40:625:51:625:51:625:Infinity":52,"b:627:70:627:81:627:81:627:92":53,"b:644:22:650:Infinity:652:22:668:Infinity":54,"b:643:21:643:43:643:43:643:Infinity":55,"f:644:52:644:57":34,"s:645:24:649:Infinity":159,"b:681:7:681:Infinity:682:8:726:Infinity":56,"f:685:14:685:29":35,"s:685:29:685:Infinity":160,"b:699:18:701:26:701:18:721:Infinity":57,"f:701:26:701:31":36,"s:702:20:720:Infinity":161,"f:704:22:704:37":37,"s:704:37:704:Infinity":162,"b:706:26:706:Infinity:707:26:707:Infinity":58,"b:714:28:714:Infinity:715:28:715:Infinity":59}}}
}
