{"meta": {"format": 3, "version": "7.14.1", "timestamp": "2026-06-01T12:08:31.145587", "branch_coverage": false, "show_contexts": false}, "files": {"backend\\app\\__init__.py": {"executed_lines": [], "summary": {"covered_lines": 0, "num_statements": 0, "percent_covered": 100.0, "percent_covered_display": "100", "missing_lines": 0, "excluded_lines": 0, "percent_statements_covered": 100.0, "percent_statements_covered_display": "100"}, "missing_lines": [], "excluded_lines": [], "functions": {"": {"executed_lines": [], "summary": {"covered_lines": 0, "num_statements": 0, "percent_covered": 100.0, "percent_covered_display": "100", "missing_lines": 0, "excluded_lines": 0, "percent_statements_covered": 100.0, "percent_statements_covered_display": "100"}, "missing_lines": [], "excluded_lines": [], "start_line": 1}}, "classes": {"": {"executed_lines": [], "summary": {"covered_lines": 0, "num_statements": 0, "percent_covered": 100.0, "percent_covered_display": "100", "missing_lines": 0, "excluded_lines": 0, "percent_statements_covered": 100.0, "percent_statements_covered_display": "100"}, "missing_lines": [], "excluded_lines": [], "start_line": 1}}}, "backend\\app\\agents\\__init__.py": {"executed_lines": [], "summary": {"covered_lines": 0, "num_statements": 0, "percent_covered": 100.0, "percent_covered_display": "100", "missing_lines": 0, "excluded_lines": 0, "percent_statements_covered": 100.0, "percent_statements_covered_display": "100"}, "missing_lines": [], "excluded_lines": [], "functions": {"": {"executed_lines": [], "summary": {"covered_lines": 0, "num_statements": 0, "percent_covered": 100.0, "percent_covered_display": "100", "missing_lines": 0, "excluded_lines": 0, "percent_statements_covered": 100.0, "percent_statements_covered_display": "100"}, "missing_lines": [], "excluded_lines": [], "start_line": 1}}, "classes": {"": {"executed_lines": [], "summary": {"covered_lines": 0, "num_statements": 0, "percent_covered": 100.0, "percent_covered_display": "100", "missing_lines": 0, "excluded_lines": 0, "percent_statements_covered": 100.0, "percent_statements_covered_display": "100"}, "missing_lines": [], "excluded_lines": [], "start_line": 1}}}, "backend\\app\\agents\\analyst.py": {"executed_lines": [1, 2, 3, 4, 6, 8, 29, 30, 31, 36, 41], "summary": {"covered_lines": 11, "num_statements": 11, "percent_covered": 100.0, "percent_covered_display": "100", "missing_lines": 0, "excluded_lines": 0, "percent_statements_covered": 100.0, "percent_statements_covered_display": "100"}, "missing_lines": [], "excluded_lines": [], "functions": {"AnalyticsAgent.__init__": {"executed_lines": [31, 36, 41], "summary": {"covered_lines": 3, "num_statements": 3, "percent_covered": 100.0, "percent_covered_display": "100", "missing_lines": 0, "excluded_lines": 0, "percent_statements_covered": 100.0, "percent_statements_covered_display": "100"}, "missing_lines": [], "excluded_lines": [], "start_line": 30}, "": {"executed_lines": [1, 2, 3, 4, 6, 8, 29, 30], "summary": {"covered_lines": 8, "num_statements": 8, "percent_covered": 100.0, "percent_covered_display": "100", "missing_lines": 0, "excluded_lines": 0, "percent_statements_covered": 100.0, "percent_statements_covered_display": "100"}, "missing_lines": [], "excluded_lines": [], "start_line": 1}}, "classes": {"AnalyticsAgent": {"executed_lines": [31, 36, 41], "summary": {"covered_lines": 3, "num_statements": 3, "percent_covered": 100.0, "percent_covered_display": "100", "missing_lines": 0, "excluded_lines": 0, "percent_statements_covered": 100.0, "percent_statements_covered_display": "100"}, "missing_lines": [], "excluded_lines": [], "start_line": 29}, "": {"executed_lines": [1, 2, 3, 4, 6, 8, 29, 30], "summary": {"covered_lines": 8, "num_statements": 8, "percent_covered": 100.0, "percent_covered_display": "100", "missing_lines": 0, "excluded_lines": 0, "percent_statements_covered": 100.0, "percent_statements_covered_display": "100"}, "missing_lines": [], "excluded_lines": [], "start_line": 1}}}, "backend\\app\\agents\\base.py": {"executed_lines": [1, 2, 3, 4, 5, 7, 9, 10, 11, 12, 13, 14, 16, 18, 20, 22, 23, 29, 31, 32, 33, 34, 36, 38, 40, 60, 61, 62, 63, 64, 65, 67, 68, 70, 72, 73, 74, 76, 79, 80, 81, 83, 86, 87, 89, 92, 93, 95, 96, 97, 98, 100, 102, 104, 105, 107, 108, 111, 112, 113, 116, 117, 118, 120, 125, 127, 128, 129, 135, 161, 162], "summary": {"covered_lines": 71, "num_statements": 85, "percent_covered": 83.52941176470588, "percent_covered_display": "84", "missing_lines": 14, "excluded_lines": 0, "percent_statements_covered": 83.52941176470588, "percent_statements_covered_display": "84"}, "missing_lines": [121, 122, 123, 138, 140, 141, 142, 143, 145, 146, 147, 149, 151, 154], "excluded_lines": [], "functions": {"BaseAgent.__init__": {"executed_lines": [11, 12, 13, 14], "summary": {"covered_lines": 4, "num_statements": 4, "percent_covered": 100.0, "percent_covered_display": "100", "missing_lines": 0, "excluded_lines": 0, "percent_statements_covered": 100.0, "percent_statements_covered_display": "100"}, "missing_lines": [], "excluded_lines": [], "start_line": 10}, "BaseAgent.register_tool": {"executed_lines": [18], "summary": {"covered_lines": 1, "num_statements": 1, "percent_covered": 100.0, "percent_covered_display": "100", "missing_lines": 0, "excluded_lines": 0, "percent_statements_covered": 100.0, "percent_statements_covered_display": "100"}, "missing_lines": [], "excluded_lines": [], "start_line": 16}, "BaseAgent.log_step": {"executed_lines": [22, 23], "summary": {"covered_lines": 2, "num_statements": 2, "percent_covered": 100.0, "percent_covered_display": "100", "missing_lines": 0, "excluded_lines": 0, "percent_statements_covered": 100.0, "percent_statements_covered_display": "100"}, "missing_lines": [], "excluded_lines": [], "start_line": 20}, "BaseAgent._get_tools_description": {"executed_lines": [31, 32, 33, 34], "summary": {"covered_lines": 4, "num_statements": 4, "percent_covered": 100.0, "percent_covered_display": "100", "missing_lines": 0, "excluded_lines": 0, "percent_statements_covered": 100.0, "percent_statements_covered_display": "100"}, "missing_lines": [], "excluded_lines": [], "start_line": 29}, "BaseAgent._build_react_prompt": {"executed_lines": [38, 40, 60, 61, 62, 63, 64, 65, 67, 68], "summary": {"covered_lines": 10, "num_statements": 10, "percent_covered": 100.0, "percent_covered_display": "100", "missing_lines": 0, "excluded_lines": 0, "percent_statements_covered": 100.0, "percent_statements_covered_display": "100"}, "missing_lines": [], "excluded_lines": [], "start_line": 36}, "BaseAgent._parse_react_response": {"executed_lines": [72, 73, 74, 76, 79, 80, 81, 83, 86, 87, 89, 92, 93, 95, 96, 97, 98, 100], "summary": {"covered_lines": 18, "num_statements": 18, "percent_covered": 100.0, "percent_covered_display": "100", "missing_lines": 0, "excluded_lines": 0, "percent_statements_covered": 100.0, "percent_statements_covered_display": "100"}, "missing_lines": [], "excluded_lines": [], "start_line": 70}, "BaseAgent.run": {"executed_lines": [104, 105, 107, 108, 111, 112, 113, 116, 117, 118, 120, 125, 127, 128, 129, 135, 161, 162], "summary": {"covered_lines": 18, "num_statements": 32, "percent_covered": 56.25, "percent_covered_display": "56", "missing_lines": 14, "excluded_lines": 0, "percent_statements_covered": 56.25, "percent_statements_covered_display": "56"}, "missing_lines": [121, 122, 123, 138, 140, 141, 142, 143, 145, 146, 147, 149, 151, 154], "excluded_lines": [], "start_line": 102}, "": {"executed_lines": [1, 2, 3, 4, 5, 7, 9, 10, 16, 20, 29, 36, 70, 102], "summary": {"covered_lines": 14, "num_statements": 14, "percent_covered": 100.0, "percent_covered_display": "100", "missing_lines": 0, "excluded_lines": 0, "percent_statements_covered": 100.0, "percent_statements_covered_display": "100"}, "missing_lines": [], "excluded_lines": [], "start_line": 1}}, "classes": {"BaseAgent": {"executed_lines": [11, 12, 13, 14, 18, 22, 23, 31, 32, 33, 34, 38, 40, 60, 61, 62, 63, 64, 65, 67, 68, 72, 73, 74, 76, 79, 80, 81, 83, 86, 87, 89, 92, 93, 95, 96, 97, 98, 100, 104, 105, 107, 108, 111, 112, 113, 116, 117, 118, 120, 125, 127, 128, 129, 135, 161, 162], "summary": {"covered_lines": 57, "num_statements": 71, "percent_covered": 80.28169014084507, "percent_covered_display": "80", "missing_lines": 14, "excluded_lines": 0, "percent_statements_covered": 80.28169014084507, "percent_statements_covered_display": "80"}, "missing_lines": [121, 122, 123, 138, 140, 141, 142, 143, 145, 146, 147, 149, 151, 154], "excluded_lines": [], "start_line": 9}, "": {"executed_lines": [1, 2, 3, 4, 5, 7, 9, 10, 16, 20, 29, 36, 70, 102], "summary": {"covered_lines": 14, "num_statements": 14, "percent_covered": 100.0, "percent_covered_display": "100", "missing_lines": 0, "excluded_lines": 0, "percent_statements_covered": 100.0, "percent_statements_covered_display": "100"}, "missing_lines": [], "excluded_lines": [], "start_line": 1}}}, "backend\\app\\agents\\coordinator.py": {"executed_lines": [1, 2, 3, 4, 5, 6, 7, 8, 10, 12, 33, 34, 35, 40, 42, 46, 49, 50, 56, 58, 59, 60, 65, 66, 67, 68, 69, 71, 72, 75, 76, 77, 87, 88, 90, 91, 94, 95, 110, 113, 114, 115, 116, 118, 119, 120, 121, 122, 123, 124, 125, 128, 129, 130, 132, 137, 139, 140, 142, 147, 148, 149, 151, 156, 157, 159], "summary": {"covered_lines": 66, "num_statements": 73, "percent_covered": 90.41095890410959, "percent_covered_display": "90", "missing_lines": 7, "excluded_lines": 0, "percent_statements_covered": 90.41095890410959, "percent_statements_covered_display": "90"}, "missing_lines": [61, 62, 133, 134, 135, 143, 144], "excluded_lines": [], "functions": {"CoordinatorAgent.__init__": {"executed_lines": [35, 40], "summary": {"covered_lines": 2, "num_statements": 2, "percent_covered": 100.0, "percent_covered_display": "100", "missing_lines": 0, "excluded_lines": 0, "percent_statements_covered": 100.0, "percent_statements_covered_display": "100"}, "missing_lines": [], "excluded_lines": [], "start_line": 34}, "CoordinatorAgent.run_workflow": {"executed_lines": [46, 49, 50, 56, 58, 59, 60, 65, 66, 67, 68, 69, 71, 72, 75, 76, 77, 87, 88, 90, 91, 94, 95, 110, 113, 114, 115, 116, 118, 119, 120, 121, 122, 123, 124, 125, 128, 129, 130, 132, 137, 139, 140, 142, 147, 148, 149, 151, 156, 157, 159], "summary": {"covered_lines": 51, "num_statements": 58, "percent_covered": 87.93103448275862, "percent_covered_display": "88", "missing_lines": 7, "excluded_lines": 0, "percent_statements_covered": 87.93103448275862, "percent_statements_covered_display": "88"}, "missing_lines": [61, 62, 133, 134, 135, 143, 144], "excluded_lines": [], "start_line": 42}, "": {"executed_lines": [1, 2, 3, 4, 5, 6, 7, 8, 10, 12, 33, 34, 42], "summary": {"covered_lines": 13, "num_statements": 13, "percent_covered": 100.0, "percent_covered_display": "100", "missing_lines": 0, "excluded_lines": 0, "percent_statements_covered": 100.0, "percent_statements_covered_display": "100"}, "missing_lines": [], "excluded_lines": [], "start_line": 1}}, "classes": {"CoordinatorAgent": {"executed_lines": [35, 40, 46, 49, 50, 56, 58, 59, 60, 65, 66, 67, 68, 69, 71, 72, 75, 76, 77, 87, 88, 90, 91, 94, 95, 110, 113, 114, 115, 116, 118, 119, 120, 121, 122, 123, 124, 125, 128, 129, 130, 132, 137, 139, 140, 142, 147, 148, 149, 151, 156, 157, 159], "summary": {"covered_lines": 53, "num_statements": 60, "percent_covered": 88.33333333333333, "percent_covered_display": "88", "missing_lines": 7, "excluded_lines": 0, "percent_statements_covered": 88.33333333333333, "percent_statements_covered_display": "88"}, "missing_lines": [61, 62, 133, 134, 135, 143, 144], "excluded_lines": [], "start_line": 33}, "": {"executed_lines": [1, 2, 3, 4, 5, 6, 7, 8, 10, 12, 33, 34, 42], "summary": {"covered_lines": 13, "num_statements": 13, "percent_covered": 100.0, "percent_covered_display": "100", "missing_lines": 0, "excluded_lines": 0, "percent_statements_covered": 100.0, "percent_statements_covered_display": "100"}, "missing_lines": [], "excluded_lines": [], "start_line": 1}}}, "backend\\app\\agents\\extraction.py": {"executed_lines": [1, 2, 3, 4, 5, 7, 9, 31, 32, 33, 39, 44, 51, 56], "summary": {"covered_lines": 14, "num_statements": 14, "percent_covered": 100.0, "percent_covered_display": "100", "missing_lines": 0, "excluded_lines": 0, "percent_statements_covered": 100.0, "percent_statements_covered_display": "100"}, "missing_lines": [], "excluded_lines": [], "functions": {"ExtractionAgent.__init__": {"executed_lines": [33, 39, 44, 51, 56], "summary": {"covered_lines": 5, "num_statements": 5, "percent_covered": 100.0, "percent_covered_display": "100", "missing_lines": 0, "excluded_lines": 0, "percent_statements_covered": 100.0, "percent_statements_covered_display": "100"}, "missing_lines": [], "excluded_lines": [], "start_line": 32}, "": {"executed_lines": [1, 2, 3, 4, 5, 7, 9, 31, 32], "summary": {"covered_lines": 9, "num_statements": 9, "percent_covered": 100.0, "percent_covered_display": "100", "missing_lines": 0, "excluded_lines": 0, "percent_statements_covered": 100.0, "percent_statements_covered_display": "100"}, "missing_lines": [], "excluded_lines": [], "start_line": 1}}, "classes": {"ExtractionAgent": {"executed_lines": [33, 39, 44, 51, 56], "summary": {"covered_lines": 5, "num_statements": 5, "percent_covered": 100.0, "percent_covered_display": "100", "missing_lines": 0, "excluded_lines": 0, "percent_statements_covered": 100.0, "percent_statements_covered_display": "100"}, "missing_lines": [], "excluded_lines": [], "start_line": 31}, "": {"executed_lines": [1, 2, 3, 4, 5, 7, 9, 31, 32], "summary": {"covered_lines": 9, "num_statements": 9, "percent_covered": 100.0, "percent_covered_display": "100", "missing_lines": 0, "excluded_lines": 0, "percent_statements_covered": 100.0, "percent_statements_covered_display": "100"}, "missing_lines": [], "excluded_lines": [], "start_line": 1}}}, "backend\\app\\config.py": {"executed_lines": [1, 2, 4, 5, 6, 7, 8, 9, 10, 11, 12, 13, 16, 22], "summary": {"covered_lines": 14, "num_statements": 14, "percent_covered": 100.0, "percent_covered_display": "100", "missing_lines": 0, "excluded_lines": 0, "percent_statements_covered": 100.0, "percent_statements_covered_display": "100"}, "missing_lines": [], "excluded_lines": [], "functions": {"": {"executed_lines": [1, 2, 4, 5, 6, 7, 8, 9, 10, 11, 12, 13, 16, 22], "summary": {"covered_lines": 14, "num_statements": 14, "percent_covered": 100.0, "percent_covered_display": "100", "missing_lines": 0, "excluded_lines": 0, "percent_statements_covered": 100.0, "percent_statements_covered_display": "100"}, "missing_lines": [], "excluded_lines": [], "start_line": 1}}, "classes": {"Settings": {"executed_lines": [], "summary": {"covered_lines": 0, "num_statements": 0, "percent_covered": 100.0, "percent_covered_display": "100", "missing_lines": 0, "excluded_lines": 0, "percent_statements_covered": 100.0, "percent_statements_covered_display": "100"}, "missing_lines": [], "excluded_lines": [], "start_line": 4}, "": {"executed_lines": [1, 2, 4, 5, 6, 7, 8, 9, 10, 11, 12, 13, 16, 22], "summary": {"covered_lines": 14, "num_statements": 14, "percent_covered": 100.0, "percent_covered_display": "100", "missing_lines": 0, "excluded_lines": 0, "percent_statements_covered": 100.0, "percent_statements_covered_display": "100"}, "missing_lines": [], "excluded_lines": [], "start_line": 1}}}, "backend\\app\\database.py": {"executed_lines": [1, 2, 3, 4, 7, 12, 14, 16], "summary": {"covered_lines": 8, "num_statements": 12, "percent_covered": 66.66666666666667, "percent_covered_display": "67", "missing_lines": 4, "excluded_lines": 0, "percent_statements_covered": 66.66666666666667, "percent_statements_covered_display": "67"}, "missing_lines": [17, 18, 19, 21], "excluded_lines": [], "functions": {"get_db": {"executed_lines": [], "summary": {"covered_lines": 0, "num_statements": 4, "percent_covered": 0.0, "percent_covered_display": "0", "missing_lines": 4, "excluded_lines": 0, "percent_statements_covered": 0.0, "percent_statements_covered_display": "0"}, "missing_lines": [17, 18, 19, 21], "excluded_lines": [], "start_line": 16}, "": {"executed_lines": [1, 2, 3, 4, 7, 12, 14, 16], "summary": {"covered_lines": 8, "num_statements": 8, "percent_covered": 100.0, "percent_covered_display": "100", "missing_lines": 0, "excluded_lines": 0, "percent_statements_covered": 100.0, "percent_statements_covered_display": "100"}, "missing_lines": [], "excluded_lines": [], "start_line": 1}}, "classes": {"": {"executed_lines": [1, 2, 3, 4, 7, 12, 14, 16], "summary": {"covered_lines": 8, "num_statements": 12, "percent_covered": 66.66666666666667, "percent_covered_display": "67", "missing_lines": 4, "excluded_lines": 0, "percent_statements_covered": 66.66666666666667, "percent_statements_covered_display": "67"}, "missing_lines": [17, 18, 19, 21], "excluded_lines": [], "start_line": 1}}}, "backend\\app\\main.py": {"executed_lines": [1, 2, 3, 4, 5, 6, 7, 8, 10, 11, 12, 13, 14, 17, 18, 21, 24, 25, 26, 28, 30, 37, 45, 46, 48, 55, 56, 58, 59, 68, 69, 71, 72, 73, 75, 76, 78, 97, 98, 103, 104, 106, 108, 109, 110, 112, 118, 119, 120, 121, 122, 123, 124, 127, 128, 131, 133, 136, 139, 140, 141, 147, 148, 152, 155, 156, 158, 159, 162, 163, 164, 166, 171, 172, 173, 176, 184, 207, 208], "summary": {"covered_lines": 79, "num_statements": 99, "percent_covered": 79.79797979797979, "percent_covered_display": "80", "missing_lines": 20, "excluded_lines": 0, "percent_statements_covered": 79.79797979797979, "percent_statements_covered_display": "80"}, "missing_lines": [113, 114, 115, 149, 150, 186, 187, 189, 190, 191, 192, 193, 194, 196, 202, 203, 204, 205, 209, 210], "excluded_lines": [], "functions": {"health_check": {"executed_lines": [48], "summary": {"covered_lines": 1, "num_statements": 1, "percent_covered": 100.0, "percent_covered_display": "100", "missing_lines": 0, "excluded_lines": 0, "percent_statements_covered": 100.0, "percent_statements_covered_display": "100"}, "missing_lines": [], "excluded_lines": [], "start_line": 46}, "list_analysis_requests": {"executed_lines": [58, 59], "summary": {"covered_lines": 2, "num_statements": 2, "percent_covered": 100.0, "percent_covered_display": "100", "missing_lines": 0, "excluded_lines": 0, "percent_statements_covered": 100.0, "percent_statements_covered_display": "100"}, "missing_lines": [], "excluded_lines": [], "start_line": 56}, "get_analysis_details": {"executed_lines": [71, 72, 73, 75, 76, 78], "summary": {"covered_lines": 6, "num_statements": 6, "percent_covered": 100.0, "percent_covered_display": "100", "missing_lines": 0, "excluded_lines": 0, "percent_statements_covered": 100.0, "percent_statements_covered_display": "100"}, "missing_lines": [], "excluded_lines": [], "start_line": 69}, "websocket_analysis_endpoint": {"executed_lines": [103, 104, 106, 108, 109, 110, 112, 118, 119, 120, 121, 122, 123, 124, 127, 128, 131, 155, 156, 158, 159, 162, 163, 164, 166, 171, 172, 173, 176, 184, 207, 208], "summary": {"covered_lines": 32, "num_statements": 50, "percent_covered": 64.0, "percent_covered_display": "64", "missing_lines": 18, "excluded_lines": 0, "percent_statements_covered": 64.0, "percent_statements_covered_display": "64"}, "missing_lines": [113, 114, 115, 186, 187, 189, 190, 191, 192, 193, 194, 196, 202, 203, 204, 205, 209, 210], "excluded_lines": [], "start_line": 98}, "websocket_analysis_endpoint.ws_callback": {"executed_lines": [133, 136, 139, 140, 141, 147, 148, 152], "summary": {"covered_lines": 8, "num_statements": 10, "percent_covered": 80.0, "percent_covered_display": "80", "missing_lines": 2, "excluded_lines": 0, "percent_statements_covered": 80.0, "percent_statements_covered_display": "80"}, "missing_lines": [149, 150], "excluded_lines": [], "start_line": 131}, "": {"executed_lines": [1, 2, 3, 4, 5, 6, 7, 8, 10, 11, 12, 13, 14, 17, 18, 21, 24, 25, 26, 28, 30, 37, 45, 46, 55, 56, 68, 69, 97, 98], "summary": {"covered_lines": 30, "num_statements": 30, "percent_covered": 100.0, "percent_covered_display": "100", "missing_lines": 0, "excluded_lines": 0, "percent_statements_covered": 100.0, "percent_statements_covered_display": "100"}, "missing_lines": [], "excluded_lines": [], "start_line": 1}}, "classes": {"": {"executed_lines": [1, 2, 3, 4, 5, 6, 7, 8, 10, 11, 12, 13, 14, 17, 18, 21, 24, 25, 26, 28, 30, 37, 45, 46, 48, 55, 56, 58, 59, 68, 69, 71, 72, 73, 75, 76, 78, 97, 98, 103, 104, 106, 108, 109, 110, 112, 118, 119, 120, 121, 122, 123, 124, 127, 128, 131, 133, 136, 139, 140, 141, 147, 148, 152, 155, 156, 158, 159, 162, 163, 164, 166, 171, 172, 173, 176, 184, 207, 208], "summary": {"covered_lines": 79, "num_statements": 99, "percent_covered": 79.79797979797979, "percent_covered_display": "80", "missing_lines": 20, "excluded_lines": 0, "percent_statements_covered": 79.79797979797979, "percent_statements_covered_display": "80"}, "missing_lines": [113, 114, 115, 149, 150, 186, 187, 189, 190, 191, 192, 193, 194, 196, 202, 203, 204, 205, 209, 210], "excluded_lines": [], "start_line": 1}}}, "backend\\app\\models.py": {"executed_lines": [1, 2, 3, 4, 5, 7, 8, 10, 11, 12, 13, 14, 15, 17, 18, 20, 21, 22, 23, 24, 26, 27, 29, 30, 31, 32, 33, 35, 36, 38, 39, 40, 41, 44, 45, 47, 48, 50, 51, 52, 53, 54, 55, 57, 59, 60, 62, 63, 64, 65, 66, 68], "summary": {"covered_lines": 52, "num_statements": 52, "percent_covered": 100.0, "percent_covered_display": "100", "missing_lines": 0, "excluded_lines": 0, "percent_statements_covered": 100.0, "percent_statements_covered_display": "100"}, "missing_lines": [], "excluded_lines": [], "functions": {"": {"executed_lines": [1, 2, 3, 4, 5, 7, 8, 10, 11, 12, 13, 14, 15, 17, 18, 20, 21, 22, 23, 24, 26, 27, 29, 30, 31, 32, 33, 35, 36, 38, 39, 40, 41, 44, 45, 47, 48, 50, 51, 52, 53, 54, 55, 57, 59, 60, 62, 63, 64, 65, 66, 68], "summary": {"covered_lines": 52, "num_statements": 52, "percent_covered": 100.0, "percent_covered_display": "100", "missing_lines": 0, "excluded_lines": 0, "percent_statements_covered": 100.0, "percent_statements_covered_display": "100"}, "missing_lines": [], "excluded_lines": [], "start_line": 1}}, "classes": {"MOMEmployment": {"executed_lines": [], "summary": {"covered_lines": 0, "num_statements": 0, "percent_covered": 100.0, "percent_covered_display": "100", "missing_lines": 0, "excluded_lines": 0, "percent_statements_covered": 100.0, "percent_statements_covered_display": "100"}, "missing_lines": [], "excluded_lines": [], "start_line": 7}, "SingStatPopulation": {"executed_lines": [], "summary": {"covered_lines": 0, "num_statements": 0, "percent_covered": 100.0, "percent_covered_display": "100", "missing_lines": 0, "excluded_lines": 0, "percent_statements_covered": 100.0, "percent_statements_covered_display": "100"}, "missing_lines": [], "excluded_lines": [], "start_line": 17}, "SingStatCPI": {"executed_lines": [], "summary": {"covered_lines": 0, "num_statements": 0, "percent_covered": 100.0, "percent_covered_display": "100", "missing_lines": 0, "excluded_lines": 0, "percent_statements_covered": 100.0, "percent_statements_covered_display": "100"}, "missing_lines": [], "excluded_lines": [], "start_line": 26}, "AnalysisRequest": {"executed_lines": [], "summary": {"covered_lines": 0, "num_statements": 0, "percent_covered": 100.0, "percent_covered_display": "100", "missing_lines": 0, "excluded_lines": 0, "percent_statements_covered": 100.0, "percent_statements_covered_display": "100"}, "missing_lines": [], "excluded_lines": [], "start_line": 35}, "AgentLog": {"executed_lines": [], "summary": {"covered_lines": 0, "num_statements": 0, "percent_covered": 100.0, "percent_covered_display": "100", "missing_lines": 0, "excluded_lines": 0, "percent_statements_covered": 100.0, "percent_statements_covered_display": "100"}, "missing_lines": [], "excluded_lines": [], "start_line": 47}, "AnalysisResult": {"executed_lines": [], "summary": {"covered_lines": 0, "num_statements": 0, "percent_covered": 100.0, "percent_covered_display": "100", "missing_lines": 0, "excluded_lines": 0, "percent_statements_covered": 100.0, "percent_statements_covered_display": "100"}, "missing_lines": [], "excluded_lines": [], "start_line": 59}, "": {"executed_lines": [1, 2, 3, 4, 5, 7, 8, 10, 11, 12, 13, 14, 15, 17, 18, 20, 21, 22, 23, 24, 26, 27, 29, 30, 31, 32, 33, 35, 36, 38, 39, 40, 41, 44, 45, 47, 48, 50, 51, 52, 53, 54, 55, 57, 59, 60, 62, 63, 64, 65, 66, 68], "summary": {"covered_lines": 52, "num_statements": 52, "percent_covered": 100.0, "percent_covered_display": "100", "missing_lines": 0, "excluded_lines": 0, "percent_statements_covered": 100.0, "percent_statements_covered_display": "100"}, "missing_lines": [], "excluded_lines": [], "start_line": 1}}}, "backend\\app\\seed_data.py": {"executed_lines": [1, 2, 3, 5, 7, 10, 11, 12, 14, 17, 46, 49, 56, 59, 60, 67, 68, 70, 71, 72, 73, 75, 76, 77, 81, 82, 83, 85], "summary": {"covered_lines": 28, "num_statements": 32, "percent_covered": 87.5, "percent_covered_display": "88", "missing_lines": 4, "excluded_lines": 0, "percent_statements_covered": 87.5, "percent_statements_covered_display": "88"}, "missing_lines": [86, 87, 88, 90], "excluded_lines": [], "functions": {"seed_database": {"executed_lines": [7, 10, 11, 12, 14, 17, 46, 49, 56, 59, 60, 67, 68, 70, 71, 72, 73, 75, 76, 77, 81, 82, 83], "summary": {"covered_lines": 23, "num_statements": 23, "percent_covered": 100.0, "percent_covered_display": "100", "missing_lines": 0, "excluded_lines": 0, "percent_statements_covered": 100.0, "percent_statements_covered_display": "100"}, "missing_lines": [], "excluded_lines": [], "start_line": 5}, "": {"executed_lines": [1, 2, 3, 5, 85], "summary": {"covered_lines": 5, "num_statements": 9, "percent_covered": 55.55555555555556, "percent_covered_display": "56", "missing_lines": 4, "excluded_lines": 0, "percent_statements_covered": 55.55555555555556, "percent_statements_covered_display": "56"}, "missing_lines": [86, 87, 88, 90], "excluded_lines": [], "start_line": 1}}, "classes": {"": {"executed_lines": [1, 2, 3, 5, 7, 10, 11, 12, 14, 17, 46, 49, 56, 59, 60, 67, 68, 70, 71, 72, 73, 75, 76, 77, 81, 82, 83, 85], "summary": {"covered_lines": 28, "num_statements": 32, "percent_covered": 87.5, "percent_covered_display": "88", "missing_lines": 4, "excluded_lines": 0, "percent_statements_covered": 87.5, "percent_statements_covered_display": "88"}, "missing_lines": [86, 87, 88, 90], "excluded_lines": [], "start_line": 1}}}, "backend\\app\\tools\\__init__.py": {"executed_lines": [], "summary": {"covered_lines": 0, "num_statements": 0, "percent_covered": 100.0, "percent_covered_display": "100", "missing_lines": 0, "excluded_lines": 0, "percent_statements_covered": 100.0, "percent_statements_covered_display": "100"}, "missing_lines": [], "excluded_lines": [], "functions": {"": {"executed_lines": [], "summary": {"covered_lines": 0, "num_statements": 0, "percent_covered": 100.0, "percent_covered_display": "100", "missing_lines": 0, "excluded_lines": 0, "percent_statements_covered": 100.0, "percent_statements_covered_display": "100"}, "missing_lines": [], "excluded_lines": [], "start_line": 1}}, "classes": {"": {"executed_lines": [], "summary": {"covered_lines": 0, "num_statements": 0, "percent_covered": 100.0, "percent_covered_display": "100", "missing_lines": 0, "excluded_lines": 0, "percent_statements_covered": 100.0, "percent_statements_covered_display": "100"}, "missing_lines": [], "excluded_lines": [], "start_line": 1}}}, "backend\\app\\tools\\api_tools.py": {"executed_lines": [1, 2, 4, 7, 24, 52], "summary": {"covered_lines": 6, "num_statements": 24, "percent_covered": 25.0, "percent_covered_display": "25", "missing_lines": 18, "excluded_lines": 0, "percent_statements_covered": 25.0, "percent_statements_covered_display": "25"}, "missing_lines": [29, 30, 31, 32, 33, 38, 45, 46, 47, 57, 58, 59, 60, 61, 66, 73, 74, 75], "excluded_lines": [], "functions": {"fetch_regional_inflation_api": {"executed_lines": [], "summary": {"covered_lines": 0, "num_statements": 9, "percent_covered": 0.0, "percent_covered_display": "0", "missing_lines": 9, "excluded_lines": 0, "percent_statements_covered": 0.0, "percent_statements_covered_display": "0"}, "missing_lines": [29, 30, 31, 32, 33, 38, 45, 46, 47], "excluded_lines": [], "start_line": 24}, "fetch_global_tech_index_api": {"executed_lines": [], "summary": {"covered_lines": 0, "num_statements": 9, "percent_covered": 0.0, "percent_covered_display": "0", "missing_lines": 9, "excluded_lines": 0, "percent_statements_covered": 0.0, "percent_statements_covered_display": "0"}, "missing_lines": [57, 58, 59, 60, 61, 66, 73, 74, 75], "excluded_lines": [], "start_line": 52}, "": {"executed_lines": [1, 2, 4, 7, 24, 52], "summary": {"covered_lines": 6, "num_statements": 6, "percent_covered": 100.0, "percent_covered_display": "100", "missing_lines": 0, "excluded_lines": 0, "percent_statements_covered": 100.0, "percent_statements_covered_display": "100"}, "missing_lines": [], "excluded_lines": [], "start_line": 1}}, "classes": {"": {"executed_lines": [1, 2, 4, 7, 24, 52], "summary": {"covered_lines": 6, "num_statements": 24, "percent_covered": 25.0, "percent_covered_display": "25", "missing_lines": 18, "excluded_lines": 0, "percent_statements_covered": 25.0, "percent_statements_covered_display": "25"}, "missing_lines": [29, 30, 31, 32, 33, 38, 45, 46, 47, 57, 58, 59, 60, 61, 66, 73, 74, 75], "excluded_lines": [], "start_line": 1}}}, "backend\\app\\tools\\db_tools.py": {"executed_lines": [1, 2, 3, 4, 6, 12, 13, 14, 17, 18, 19, 23, 25, 26, 27, 28, 29, 31, 32, 35, 36, 38, 42, 47, 49, 74], "summary": {"covered_lines": 26, "num_statements": 31, "percent_covered": 83.87096774193549, "percent_covered_display": "84", "missing_lines": 5, "excluded_lines": 0, "percent_statements_covered": 83.87096774193549, "percent_statements_covered_display": "84"}, "missing_lines": [20, 39, 40, 44, 45], "excluded_lines": [], "functions": {"execute_sql_query": {"executed_lines": [12, 13, 14, 17, 18, 19, 23, 25, 26, 27, 28, 29, 31, 32, 35, 36, 38], "summary": {"covered_lines": 17, "num_statements": 20, "percent_covered": 85.0, "percent_covered_display": "85", "missing_lines": 3, "excluded_lines": 0, "percent_statements_covered": 85.0, "percent_statements_covered_display": "85"}, "missing_lines": [20, 39, 40], "excluded_lines": [], "start_line": 6}, "get_mom_sectors": {"executed_lines": [], "summary": {"covered_lines": 0, "num_statements": 2, "percent_covered": 0.0, "percent_covered_display": "0", "missing_lines": 2, "excluded_lines": 0, "percent_statements_covered": 0.0, "percent_statements_covered_display": "0"}, "missing_lines": [44, 45], "excluded_lines": [], "start_line": 42}, "get_database_schema": {"executed_lines": [49, 74], "summary": {"covered_lines": 2, "num_statements": 2, "percent_covered": 100.0, "percent_covered_display": "100", "missing_lines": 0, "excluded_lines": 0, "percent_statements_covered": 100.0, "percent_statements_covered_display": "100"}, "missing_lines": [], "excluded_lines": [], "start_line": 47}, "": {"executed_lines": [1, 2, 3, 4, 6, 42, 47], "summary": {"covered_lines": 7, "num_statements": 7, "percent_covered": 100.0, "percent_covered_display": "100", "missing_lines": 0, "excluded_lines": 0, "percent_statements_covered": 100.0, "percent_statements_covered_display": "100"}, "missing_lines": [], "excluded_lines": [], "start_line": 1}}, "classes": {"": {"executed_lines": [1, 2, 3, 4, 6, 12, 13, 14, 17, 18, 19, 23, 25, 26, 27, 28, 29, 31, 32, 35, 36, 38, 42, 47, 49, 74], "summary": {"covered_lines": 26, "num_statements": 31, "percent_covered": 83.87096774193549, "percent_covered_display": "84", "missing_lines": 5, "excluded_lines": 0, "percent_statements_covered": 83.87096774193549, "percent_statements_covered_display": "84"}, "missing_lines": [20, 39, 40, 44, 45], "excluded_lines": [], "start_line": 1}}}, "backend\\app\\tools\\math_tools.py": {"executed_lines": [1, 2, 3, 5, 7, 13, 14, 15, 16, 18, 21, 22, 23, 24, 25, 26, 28, 29, 31, 34, 35, 39, 45, 46, 47, 48, 49, 51, 54, 55], "summary": {"covered_lines": 30, "num_statements": 37, "percent_covered": 81.08108108108108, "percent_covered_display": "81", "missing_lines": 7, "excluded_lines": 0, "percent_statements_covered": 81.08108108108108, "percent_statements_covered_display": "81"}, "missing_lines": [19, 32, 36, 37, 52, 56, 57], "excluded_lines": [], "functions": {"calculate_correlation": {"executed_lines": [13, 14, 15, 16, 18, 21, 22, 23, 24, 25, 26, 28, 29, 31, 34, 35], "summary": {"covered_lines": 16, "num_statements": 20, "percent_covered": 80.0, "percent_covered_display": "80", "missing_lines": 4, "excluded_lines": 0, "percent_statements_covered": 80.0, "percent_statements_covered_display": "80"}, "missing_lines": [19, 32, 36, 37], "excluded_lines": [], "start_line": 7}, "calculate_growth_rate": {"executed_lines": [45, 46, 47, 48, 49, 51, 54, 55], "summary": {"covered_lines": 8, "num_statements": 11, "percent_covered": 72.72727272727273, "percent_covered_display": "73", "missing_lines": 3, "excluded_lines": 0, "percent_statements_covered": 72.72727272727273, "percent_statements_covered_display": "73"}, "missing_lines": [52, 56, 57], "excluded_lines": [], "start_line": 39}, "": {"executed_lines": [1, 2, 3, 5, 7, 39], "summary": {"covered_lines": 6, "num_statements": 6, "percent_covered": 100.0, "percent_covered_display": "100", "missing_lines": 0, "excluded_lines": 0, "percent_statements_covered": 100.0, "percent_statements_covered_display": "100"}, "missing_lines": [], "excluded_lines": [], "start_line": 1}}, "classes": {"": {"executed_lines": [1, 2, 3, 5, 7, 13, 14, 15, 16, 18, 21, 22, 23, 24, 25, 26, 28, 29, 31, 34, 35, 39, 45, 46, 47, 48, 49, 51, 54, 55], "summary": {"covered_lines": 30, "num_statements": 37, "percent_covered": 81.08108108108108, "percent_covered_display": "81", "missing_lines": 7, "excluded_lines": 0, "percent_statements_covered": 81.08108108108108, "percent_statements_covered_display": "81"}, "missing_lines": [19, 32, 36, 37, 52, 56, 57], "excluded_lines": [], "start_line": 1}}}, "backend\\app\\utils\\__init__.py": {"executed_lines": [], "summary": {"covered_lines": 0, "num_statements": 0, "percent_covered": 100.0, "percent_covered_display": "100", "missing_lines": 0, "excluded_lines": 0, "percent_statements_covered": 100.0, "percent_statements_covered_display": "100"}, "missing_lines": [], "excluded_lines": [], "functions": {"": {"executed_lines": [], "summary": {"covered_lines": 0, "num_statements": 0, "percent_covered": 100.0, "percent_covered_display": "100", "missing_lines": 0, "excluded_lines": 0, "percent_statements_covered": 100.0, "percent_statements_covered_display": "100"}, "missing_lines": [], "excluded_lines": [], "start_line": 1}}, "classes": {"": {"executed_lines": [], "summary": {"covered_lines": 0, "num_statements": 0, "percent_covered": 100.0, "percent_covered_display": "100", "missing_lines": 0, "excluded_lines": 0, "percent_statements_covered": 100.0, "percent_statements_covered_display": "100"}, "missing_lines": [], "excluded_lines": [], "start_line": 1}}}, "backend\\app\\utils\\chart_builder.py": {"executed_lines": [1, 2, 3, 4, 6, 11, 14, 16, 18, 19, 20, 21, 24, 27, 35, 38, 39, 40, 41, 42, 44, 45, 46, 47, 48, 51, 52, 53, 55, 58, 60, 61, 62, 63, 76, 78, 79, 80, 82, 83, 84, 85, 87, 88, 89, 90, 91, 92, 94, 106, 109, 110, 111, 112, 114, 115, 116, 117, 118, 120, 121, 122, 123, 124, 131, 140, 142, 151, 163, 165, 166, 167, 168, 169, 171, 172, 173, 174, 176, 177, 178, 179, 183, 184, 188, 201, 203, 204, 206, 207, 208, 209, 210, 211, 212, 213, 223, 225, 241, 253, 254, 256, 257, 258, 260, 261, 263, 264, 265, 266, 269, 270, 273, 274, 275, 278, 282, 283, 286, 287], "summary": {"covered_lines": 120, "num_statements": 131, "percent_covered": 91.6030534351145, "percent_covered_display": "92", "missing_lines": 11, "excluded_lines": 0, "percent_statements_covered": 91.6030534351145, "percent_statements_covered_display": "92"}, "missing_lines": [22, 23, 113, 170, 180, 181, 220, 221, 279, 290, 291], "excluded_lines": [], "functions": {"_try_parse_json_blocks": {"executed_lines": [16, 18, 19, 20, 21, 24], "summary": {"covered_lines": 6, "num_statements": 8, "percent_covered": 75.0, "percent_covered_display": "75", "missing_lines": 2, "excluded_lines": 0, "percent_statements_covered": 75.0, "percent_statements_covered_display": "75"}, "missing_lines": [22, 23], "excluded_lines": [], "start_line": 14}, "_extract_rows": {"executed_lines": [35, 38, 39, 40, 41, 42, 44, 45, 46, 47, 48, 51, 52, 53, 55], "summary": {"covered_lines": 15, "num_statements": 15, "percent_covered": 100.0, "percent_covered_display": "100", "missing_lines": 0, "excluded_lines": 0, "percent_statements_covered": 100.0, "percent_statements_covered_display": "100"}, "missing_lines": [], "excluded_lines": [], "start_line": 27}, "_detect_datasets": {"executed_lines": [60, 61, 62, 63], "summary": {"covered_lines": 4, "num_statements": 4, "percent_covered": 100.0, "percent_covered_display": "100", "missing_lines": 0, "excluded_lines": 0, "percent_statements_covered": 100.0, "percent_statements_covered_display": "100"}, "missing_lines": [], "excluded_lines": [], "start_line": 58}, "_build_employment_cpi_chart": {"executed_lines": [78, 79, 80, 82, 83, 84, 85, 87, 88, 89, 90, 91, 92, 94], "summary": {"covered_lines": 14, "num_statements": 14, "percent_covered": 100.0, "percent_covered_display": "100", "missing_lines": 0, "excluded_lines": 0, "percent_statements_covered": 100.0, "percent_statements_covered_display": "100"}, "missing_lines": [], "excluded_lines": [], "start_line": 76}, "_build_employment_chart": {"executed_lines": [109, 110, 111, 112, 114, 115, 116, 117, 118, 120, 121, 122, 123, 124, 131], "summary": {"covered_lines": 15, "num_statements": 16, "percent_covered": 93.75, "percent_covered_display": "94", "missing_lines": 1, "excluded_lines": 0, "percent_statements_covered": 93.75, "percent_statements_covered_display": "94"}, "missing_lines": [113], "excluded_lines": [], "start_line": 106}, "_build_population_chart": {"executed_lines": [142, 151], "summary": {"covered_lines": 2, "num_statements": 2, "percent_covered": 100.0, "percent_covered_display": "100", "missing_lines": 0, "excluded_lines": 0, "percent_statements_covered": 100.0, "percent_statements_covered_display": "100"}, "missing_lines": [], "excluded_lines": [], "start_line": 140}, "_build_cpi_chart": {"executed_lines": [165, 166, 167, 168, 169, 171, 172, 173, 174, 176, 177, 178, 179, 183, 184, 188], "summary": {"covered_lines": 16, "num_statements": 19, "percent_covered": 84.21052631578948, "percent_covered_display": "84", "missing_lines": 3, "excluded_lines": 0, "percent_statements_covered": 84.21052631578948, "percent_statements_covered_display": "84"}, "missing_lines": [170, 180, 181], "excluded_lines": [], "start_line": 163}, "_db_fallback_chart": {"executed_lines": [203, 204, 206, 207, 208, 209, 210, 211, 212, 213, 223, 225], "summary": {"covered_lines": 12, "num_statements": 14, "percent_covered": 85.71428571428571, "percent_covered_display": "86", "missing_lines": 2, "excluded_lines": 0, "percent_statements_covered": 85.71428571428571, "percent_statements_covered_display": "86"}, "missing_lines": [220, 221], "excluded_lines": [], "start_line": 201}, "build_chart_spec": {"executed_lines": [253, 254, 256, 257, 258, 260, 261, 263, 264, 265, 266, 269, 270, 273, 274, 275, 278, 282, 283, 286, 287], "summary": {"covered_lines": 21, "num_statements": 24, "percent_covered": 87.5, "percent_covered_display": "88", "missing_lines": 3, "excluded_lines": 0, "percent_statements_covered": 87.5, "percent_statements_covered_display": "88"}, "missing_lines": [279, 290, 291], "excluded_lines": [], "start_line": 241}, "": {"executed_lines": [1, 2, 3, 4, 6, 11, 14, 27, 58, 76, 106, 140, 163, 201, 241], "summary": {"covered_lines": 15, "num_statements": 15, "percent_covered": 100.0, "percent_covered_display": "100", "missing_lines": 0, "excluded_lines": 0, "percent_statements_covered": 100.0, "percent_statements_covered_display": "100"}, "missing_lines": [], "excluded_lines": [], "start_line": 1}}, "classes": {"": {"executed_lines": [1, 2, 3, 4, 6, 11, 14, 16, 18, 19, 20, 21, 24, 27, 35, 38, 39, 40, 41, 42, 44, 45, 46, 47, 48, 51, 52, 53, 55, 58, 60, 61, 62, 63, 76, 78, 79, 80, 82, 83, 84, 85, 87, 88, 89, 90, 91, 92, 94, 106, 109, 110, 111, 112, 114, 115, 116, 117, 118, 120, 121, 122, 123, 124, 131, 140, 142, 151, 163, 165, 166, 167, 168, 169, 171, 172, 173, 174, 176, 177, 178, 179, 183, 184, 188, 201, 203, 204, 206, 207, 208, 209, 210, 211, 212, 213, 223, 225, 241, 253, 254, 256, 257, 258, 260, 261, 263, 264, 265, 266, 269, 270, 273, 274, 275, 278, 282, 283, 286, 287], "summary": {"covered_lines": 120, "num_statements": 131, "percent_covered": 91.6030534351145, "percent_covered_display": "92", "missing_lines": 11, "excluded_lines": 0, "percent_statements_covered": 91.6030534351145, "percent_statements_covered_display": "92"}, "missing_lines": [22, 23, 113, 170, 180, 181, 220, 221, 279, 290, 291], "excluded_lines": [], "start_line": 1}}}, "backend\\app\\utils\\llm.py": {"executed_lines": [1, 2, 3, 4, 5, 7, 8, 10, 11, 12, 13, 14, 15, 16, 17, 20, 29, 30, 31, 32, 33, 34, 39, 51, 52, 53, 54, 55, 59, 64, 65, 154, 167, 178, 192, 225, 231, 234, 235, 244, 247, 257, 259, 260, 261, 262, 264, 265, 266, 268, 269, 270, 275, 277, 306, 309, 311, 312, 313, 314, 316, 317, 323, 326, 344, 350], "summary": {"covered_lines": 66, "num_statements": 183, "percent_covered": 36.0655737704918, "percent_covered_display": "36", "missing_lines": 117, "excluded_lines": 0, "percent_statements_covered": 36.0655737704918, "percent_statements_covered_display": "36"}, "missing_lines": [21, 22, 23, 24, 25, 26, 35, 36, 40, 41, 42, 46, 47, 48, 57, 67, 68, 69, 70, 71, 72, 76, 78, 79, 81, 82, 83, 84, 85, 86, 90, 92, 93, 95, 96, 97, 98, 99, 100, 104, 106, 107, 109, 110, 111, 112, 113, 114, 118, 120, 121, 123, 125, 126, 127, 128, 129, 131, 132, 133, 134, 135, 137, 138, 139, 140, 141, 143, 144, 145, 146, 147, 149, 152, 155, 156, 157, 158, 160, 165, 168, 172, 176, 180, 181, 182, 183, 185, 190, 194, 196, 197, 198, 199, 201, 202, 203, 204, 205, 206, 207, 211, 217, 218, 219, 220, 221, 223, 248, 271, 272, 273, 318, 319, 320, 321, 347], "excluded_lines": [], "functions": {"LLMService.__init__": {"executed_lines": [12, 13, 14, 15, 16, 17, 20, 29, 30, 31, 32, 33, 34, 39, 51, 52, 53, 54, 55], "summary": {"covered_lines": 19, "num_statements": 34, "percent_covered": 55.88235294117647, "percent_covered_display": "56", "missing_lines": 15, "excluded_lines": 0, "percent_statements_covered": 55.88235294117647, "percent_statements_covered_display": "56"}, "missing_lines": [21, 22, 23, 24, 25, 26, 35, 36, 40, 41, 42, 46, 47, 48, 57], "excluded_lines": [], "start_line": 11}, "LLMService.generate": {"executed_lines": [64, 65], "summary": {"covered_lines": 2, "num_statements": 61, "percent_covered": 3.278688524590164, "percent_covered_display": "3", "missing_lines": 59, "excluded_lines": 0, "percent_statements_covered": 3.278688524590164, "percent_statements_covered_display": "3"}, "missing_lines": [67, 68, 69, 70, 71, 72, 76, 78, 79, 81, 82, 83, 84, 85, 86, 90, 92, 93, 95, 96, 97, 98, 99, 100, 104, 106, 107, 109, 110, 111, 112, 113, 114, 118, 120, 121, 123, 125, 126, 127, 128, 129, 131, 132, 133, 134, 135, 137, 138, 139, 140, 141, 143, 144, 145, 146, 147, 149, 152], "excluded_lines": [], "start_line": 59}, "LLMService._call_openai": {"executed_lines": [], "summary": {"covered_lines": 0, "num_statements": 6, "percent_covered": 0.0, "percent_covered_display": "0", "missing_lines": 6, "excluded_lines": 0, "percent_statements_covered": 0.0, "percent_statements_covered_display": "0"}, "missing_lines": [155, 156, 157, 158, 160, 165], "excluded_lines": [], "start_line": 154}, "LLMService._call_gemini": {"executed_lines": [], "summary": {"covered_lines": 0, "num_statements": 3, "percent_covered": 0.0, "percent_covered_display": "0", "missing_lines": 3, "excluded_lines": 0, "percent_statements_covered": 0.0, "percent_statements_covered_display": "0"}, "missing_lines": [168, 172, 176], "excluded_lines": [], "start_line": 167}, "LLMService._call_xai": {"executed_lines": [], "summary": {"covered_lines": 0, "num_statements": 6, "percent_covered": 0.0, "percent_covered_display": "0", "missing_lines": 6, "excluded_lines": 0, "percent_statements_covered": 0.0, "percent_statements_covered_display": "0"}, "missing_lines": [180, 181, 182, 183, 185, 190], "excluded_lines": [], "start_line": 178}, "LLMService._call_groq": {"executed_lines": [], "summary": {"covered_lines": 0, "num_statements": 19, "percent_covered": 0.0, "percent_covered_display": "0", "missing_lines": 19, "excluded_lines": 0, "percent_statements_covered": 0.0, "percent_statements_covered_display": "0"}, "missing_lines": [194, 196, 197, 198, 199, 201, 202, 203, 204, 205, 206, 207, 211, 217, 218, 219, 220, 221, 223], "excluded_lines": [], "start_line": 192}, "LLMService._generate_mock": {"executed_lines": [231, 234, 235, 244, 247, 257, 259, 260, 261, 262, 264, 265, 266, 268, 269, 270, 275, 277, 306, 309, 311, 312, 313, 314, 316, 317, 323, 326, 344], "summary": {"covered_lines": 29, "num_statements": 38, "percent_covered": 76.3157894736842, "percent_covered_display": "76", "missing_lines": 9, "excluded_lines": 0, "percent_statements_covered": 76.3157894736842, "percent_statements_covered_display": "76"}, "missing_lines": [248, 271, 272, 273, 318, 319, 320, 321, 347], "excluded_lines": [], "start_line": 225}, "": {"executed_lines": [1, 2, 3, 4, 5, 7, 8, 10, 11, 59, 154, 167, 178, 192, 225, 350], "summary": {"covered_lines": 16, "num_statements": 16, "percent_covered": 100.0, "percent_covered_display": "100", "missing_lines": 0, "excluded_lines": 0, "percent_statements_covered": 100.0, "percent_statements_covered_display": "100"}, "missing_lines": [], "excluded_lines": [], "start_line": 1}}, "classes": {"LLMService": {"executed_lines": [12, 13, 14, 15, 16, 17, 20, 29, 30, 31, 32, 33, 34, 39, 51, 52, 53, 54, 55, 64, 65, 231, 234, 235, 244, 247, 257, 259, 260, 261, 262, 264, 265, 266, 268, 269, 270, 275, 277, 306, 309, 311, 312, 313, 314, 316, 317, 323, 326, 344], "summary": {"covered_lines": 50, "num_statements": 167, "percent_covered": 29.940119760479043, "percent_covered_display": "30", "missing_lines": 117, "excluded_lines": 0, "percent_statements_covered": 29.940119760479043, "percent_statements_covered_display": "30"}, "missing_lines": [21, 22, 23, 24, 25, 26, 35, 36, 40, 41, 42, 46, 47, 48, 57, 67, 68, 69, 70, 71, 72, 76, 78, 79, 81, 82, 83, 84, 85, 86, 90, 92, 93, 95, 96, 97, 98, 99, 100, 104, 106, 107, 109, 110, 111, 112, 113, 114, 118, 120, 121, 123, 125, 126, 127, 128, 129, 131, 132, 133, 134, 135, 137, 138, 139, 140, 141, 143, 144, 145, 146, 147, 149, 152, 155, 156, 157, 158, 160, 165, 168, 172, 176, 180, 181, 182, 183, 185, 190, 194, 196, 197, 198, 199, 201, 202, 203, 204, 205, 206, 207, 211, 217, 218, 219, 220, 221, 223, 248, 271, 272, 273, 318, 319, 320, 321, 347], "excluded_lines": [], "start_line": 10}, "": {"executed_lines": [1, 2, 3, 4, 5, 7, 8, 10, 11, 59, 154, 167, 178, 192, 225, 350], "summary": {"covered_lines": 16, "num_statements": 16, "percent_covered": 100.0, "percent_covered_display": "100", "missing_lines": 0, "excluded_lines": 0, "percent_statements_covered": 100.0, "percent_statements_covered_display": "100"}, "missing_lines": [], "excluded_lines": [], "start_line": 1}}}, "backend\\app\\utils\\validator.py": {"executed_lines": [1, 2, 3, 4, 5, 7, 9, 10, 11, 13, 15, 16, 21, 23, 25, 26, 27, 28, 31, 33, 34, 35, 37, 38, 39, 40, 42, 44, 45, 50, 52, 53, 54, 57, 60, 61, 62, 64, 65, 71, 72, 74, 75, 76, 77, 78, 80, 84, 85, 90, 91, 92, 93, 94, 95, 96, 99, 100, 107, 113, 115, 116, 117, 118, 119, 122, 123, 126, 127, 128, 135, 142, 143, 144, 145, 146, 153, 154, 155, 156, 158], "summary": {"covered_lines": 81, "num_statements": 88, "percent_covered": 92.04545454545455, "percent_covered_display": "92", "missing_lines": 7, "excluded_lines": 0, "percent_statements_covered": 92.04545454545455, "percent_statements_covered_display": "92"}, "missing_lines": [36, 66, 67, 68, 81, 86, 87], "excluded_lines": [], "functions": {"HallucinationDetector.extract_numbers_from_text": {"executed_lines": [13], "summary": {"covered_lines": 1, "num_statements": 1, "percent_covered": 100.0, "percent_covered_display": "100", "missing_lines": 0, "excluded_lines": 0, "percent_statements_covered": 100.0, "percent_statements_covered_display": "100"}, "missing_lines": [], "excluded_lines": [], "start_line": 11}, "HallucinationDetector.parse_markdown_tables": {"executed_lines": [21, 23, 25, 26, 27, 28, 31, 33, 34, 35, 37, 38, 39, 40, 42], "summary": {"covered_lines": 15, "num_statements": 16, "percent_covered": 93.75, "percent_covered_display": "94", "missing_lines": 1, "excluded_lines": 0, "percent_statements_covered": 93.75, "percent_statements_covered_display": "94"}, "missing_lines": [36], "excluded_lines": [], "start_line": 16}, "HallucinationDetector.validate_report": {"executed_lines": [50, 52, 53, 54, 57, 60, 61, 62, 64, 65, 71, 72, 74, 75, 76, 77, 78, 80, 84, 85, 90, 91, 92, 93, 94, 95, 96, 99, 100, 107, 113, 115, 116, 117, 118, 119, 122, 123, 126, 127, 128, 135, 142, 143, 144, 145, 146, 153, 154, 155, 156, 158], "summary": {"covered_lines": 52, "num_statements": 58, "percent_covered": 89.65517241379311, "percent_covered_display": "90", "missing_lines": 6, "excluded_lines": 0, "percent_statements_covered": 89.65517241379311, "percent_statements_covered_display": "90"}, "missing_lines": [66, 67, 68, 81, 86, 87], "excluded_lines": [], "start_line": 45}, "": {"executed_lines": [1, 2, 3, 4, 5, 7, 9, 10, 11, 15, 16, 44, 45], "summary": {"covered_lines": 13, "num_statements": 13, "percent_covered": 100.0, "percent_covered_display": "100", "missing_lines": 0, "excluded_lines": 0, "percent_statements_covered": 100.0, "percent_statements_covered_display": "100"}, "missing_lines": [], "excluded_lines": [], "start_line": 1}}, "classes": {"HallucinationDetector": {"executed_lines": [13, 21, 23, 25, 26, 27, 28, 31, 33, 34, 35, 37, 38, 39, 40, 42, 50, 52, 53, 54, 57, 60, 61, 62, 64, 65, 71, 72, 74, 75, 76, 77, 78, 80, 84, 85, 90, 91, 92, 93, 94, 95, 96, 99, 100, 107, 113, 115, 116, 117, 118, 119, 122, 123, 126, 127, 128, 135, 142, 143, 144, 145, 146, 153, 154, 155, 156, 158], "summary": {"covered_lines": 68, "num_statements": 75, "percent_covered": 90.66666666666667, "percent_covered_display": "91", "missing_lines": 7, "excluded_lines": 0, "percent_statements_covered": 90.66666666666667, "percent_statements_covered_display": "91"}, "missing_lines": [36, 66, 67, 68, 81, 86, 87], "excluded_lines": [], "start_line": 9}, "": {"executed_lines": [1, 2, 3, 4, 5, 7, 9, 10, 11, 15, 16, 44, 45], "summary": {"covered_lines": 13, "num_statements": 13, "percent_covered": 100.0, "percent_covered_display": "100", "missing_lines": 0, "excluded_lines": 0, "percent_statements_covered": 100.0, "percent_statements_covered_display": "100"}, "missing_lines": [], "excluded_lines": [], "start_line": 1}}}}, "totals": {"covered_lines": 672, "num_statements": 886, "percent_covered": 75.84650112866817, "percent_covered_display": "76", "missing_lines": 214, "excluded_lines": 0, "percent_statements_covered": 75.84650112866817, "percent_statements_covered_display": "76"}}